#
# There is insufficient memory for the Java Runtime Environment to continue.
# Native memory allocation (mmap) failed to map 52428800 bytes for G1 virtual space
# Possible reasons:
#   The system is out of physical RAM or swap space
#   The process is running with CompressedOops enabled, and the Java Heap may be blocking the growth of the native heap
# Possible solutions:
#   Reduce memory load on the system
#   Increase physical memory or swap space
#   Check if swap backing store is full
#   Decrease Java heap size (-Xmx/-Xms)
#   Decrease number of Java threads
#   Decrease Java thread stack sizes (-Xss)
#   Set larger code cache with -XX:ReservedCodeCacheSize=
#   JVM is running with Unscaled Compressed Oops mode in which the Java heap is
#     placed in the first 4GB address space. The Java Heap base address is the
#     maximum limit for the native heap growth. Please use -XX:HeapBaseMinAddress
#     to set the Java Heap base and to place the Java Heap above 4GB virtual address.
# This output file may be truncated or incomplete.
#
#  Out of Memory Error (os_windows.cpp:3466), pid=2176, tid=3548
#
# JRE version: Java(TM) SE Runtime Environment (16.0+36) (build 16+36-2231)
# Java VM: Java HotSpot(TM) 64-Bit Server VM (16+36-2231, mixed mode, sharing, tiered, compressed oops, g1 gc, windows-amd64)
# No core dump will be written. Minidumps are not enabled by default on client versions of Windows
#

---------------  S U M M A R Y ------------

Command Line: --add-opens=java.base/java.util=ALL-UNNAMED --add-opens=java.base/java.lang=ALL-UNNAMED --add-opens=java.base/java.lang.invoke=ALL-UNNAMED --add-opens=java.base/java.util=ALL-UNNAMED --add-opens=java.prefs/java.util.prefs=ALL-UNNAMED --add-opens=java.prefs/java.util.prefs=ALL-UNNAMED --add-opens=java.base/java.nio.charset=ALL-UNNAMED --add-opens=java.base/java.net=ALL-UNNAMED --add-opens=java.base/java.util.concurrent.atomic=ALL-UNNAMED -Xmx2048m -Dfile.encoding=UTF-8 -Duser.country=RU -Duser.language=ru -Duser.variant org.gradle.launcher.daemon.bootstrap.GradleDaemon 7.2

Host: Intel(R) Core(TM) i5-9400F CPU @ 2.90GHz, 6 cores, 15G,  Windows 10 , 64 bit Build 19041 (10.0.19041.546)
Time: Sun Jan 30 23:49:52 2022  Windows 10 , 64 bit Build 19041 (10.0.19041.546) elapsed time: 12.003640 seconds (0d 0h 0m 12s)

---------------  T H R E A D  ---------------

Current thread (0x000001eb7e95c690):  VMThread "VM Thread" [stack: 0x0000003413800000,0x0000003413900000] [id=3548]

Stack: [0x0000003413800000,0x0000003413900000]
Native frames: (J=compiled Java code, j=interpreted, Vv=VM code, C=native code)
V  [jvm.dll+0x6681da]
V  [jvm.dll+0x7c9d99]
V  [jvm.dll+0x7cb4d3]
V  [jvm.dll+0x7cbb33]
V  [jvm.dll+0x242ee5]
V  [jvm.dll+0x664f99]
V  [jvm.dll+0x659b85]
V  [jvm.dll+0x2fbfcb]
V  [jvm.dll+0x3031c6]
V  [jvm.dll+0x352a0e]
V  [jvm.dll+0x352c3f]
V  [jvm.dll+0x2d3038]
V  [jvm.dll+0x2d65a6]
V  [jvm.dll+0x2e0ab7]
V  [jvm.dll+0x315560]
V  [jvm.dll+0x7cff2b]
V  [jvm.dll+0x7d0c24]
V  [jvm.dll+0x7d1129]
V  [jvm.dll+0x7d13e4]
V  [jvm.dll+0x7d14b0]
V  [jvm.dll+0x77952a]
V  [jvm.dll+0x667076]
C  [ucrtbase.dll+0x214c2]
C  [KERNEL32.DLL+0x17034]
C  [ntdll.dll+0x4cec1]

VM_Operation (0x00000034134ff990): G1Concurrent, mode: safepoint, requested by thread 0x000001eb6dd938e0


---------------  P R O C E S S  ---------------

Threads class SMR info:
_java_thread_list=0x000001eb0f1d51c0, length=113, elements={
0x000001eb6dd43bc0, 0x000001eb7e95f960, 0x000001eb7e962ed0, 0x000001eb7e977330,
0x000001eb7e977c40, 0x000001eb7e979650, 0x000001eb7e97a7f0, 0x000001eb7e983340,
0x000001eb7e984d90, 0x000001eb7e99aae0, 0x000001eb7f50f3f0, 0x000001eb7f513920,
0x000001eb107538c0, 0x000001eb1015d760, 0x000001eb0ff49f90, 0x000001eb0f6be0c0,
0x000001eb0fbf0d40, 0x000001eb101351c0, 0x000001eb101356e0, 0x000001eb0fde2a40,
0x000001eb0fde3f80, 0x000001eb0fde0fb0, 0x000001eb0fde0a60, 0x000001eb0fde24f0,
0x000001eb0fde1500, 0x000001eb0fde34e0, 0x000001eb0fde2f90, 0x000001eb0fde1a50,
0x000001eb0fde3a30, 0x000001eb0fde1fa0, 0x000001eb12290b20, 0x000001eb1228bb70,
0x000001eb1228d600, 0x000001eb1228d0b0, 0x000001eb1228ab80, 0x000001eb12291b10,
0x000001eb1228b0d0, 0x000001eb1228e0a0, 0x000001eb12291070, 0x000001eb1228e5f0,
0x000001eb1228f090, 0x000001eb1228f5e0, 0x000001eb1228fb30, 0x000001eb122915c0,
0x000001eb1228db50, 0x000001eb1228b620, 0x000001eb12292060, 0x000001eb1228c0c0,
0x000001eb1228c610, 0x000001eb12290080, 0x000001eb122905d0, 0x000001eb13259a90,
0x000001eb13253050, 0x000001eb13257560, 0x000001eb13252060, 0x000001eb13257010,
0x000001eb132535a0, 0x000001eb13253af0, 0x000001eb13256020, 0x000001eb13259540,
0x000001eb13254040, 0x000001eb13255030, 0x000001eb13256570, 0x000001eb132525b0,
0x000001eb13252b00, 0x000001eb13254590, 0x000001eb13254ae0, 0x000001eb13255580,
0x000001eb13258aa0, 0x000001eb13255ad0, 0x000001eb13256ac0, 0x000001eb13258550,
0x000001eb13258000, 0x000001eb13257ab0, 0x000001eb13258ff0, 0x000001eb118e43e0,
0x000001eb118e6e60, 0x000001eb118e2400, 0x000001eb118e33f0, 0x000001eb118e53d0,
0x000001eb118e3e90, 0x000001eb118e5920, 0x000001eb118e1eb0, 0x000001eb118e2950,
0x000001eb118e5e70, 0x000001eb118e2ea0, 0x000001eb118e73b0, 0x000001eb118e1410,
0x000001eb118e63c0, 0x000001eb118e7900, 0x000001eb118e4930, 0x000001eb118e3940,
0x000001eb118e6910, 0x000001eb118e4e80, 0x000001eb118e1960, 0x000001eb118e0ec0,
0x000001eb118dfed0, 0x000001eb118e0420, 0x000001eb118e0970, 0x000001eb101215c0,
0x000001eb10121070, 0x000001eb10122060, 0x000001eb10122b00, 0x000001eb101235a0,
0x000001eb10123050, 0x000001eb10124040, 0x000001eb10120b20, 0x000001eb10124590,
0x000001eb1011e0a0, 0x000001eb11e7e230, 0x000001eb10120080, 0x000001eb1011db50,
0x000001eb1011eb40
}

Java Threads: ( => current thread )
  0x000001eb6dd43bc0 JavaThread "main" [_thread_blocked, id=13388, stack(0x0000003413200000,0x0000003413300000)]
  0x000001eb7e95f960 JavaThread "Reference Handler" daemon [_thread_blocked, id=14864, stack(0x0000003413900000,0x0000003413a00000)]
  0x000001eb7e962ed0 JavaThread "Finalizer" daemon [_thread_blocked, id=3176, stack(0x0000003413a00000,0x0000003413b00000)]
  0x000001eb7e977330 JavaThread "Signal Dispatcher" daemon [_thread_blocked, id=11352, stack(0x0000003413b00000,0x0000003413c00000)]
  0x000001eb7e977c40 JavaThread "Attach Listener" daemon [_thread_blocked, id=13928, stack(0x0000003413c00000,0x0000003413d00000)]
  0x000001eb7e979650 JavaThread "Service Thread" daemon [_thread_blocked, id=11148, stack(0x0000003413d00000,0x0000003413e00000)]
  0x000001eb7e97a7f0 JavaThread "Monitor Deflation Thread" daemon [_thread_blocked, id=1744, stack(0x0000003413e00000,0x0000003413f00000)]
  0x000001eb7e983340 JavaThread "C2 CompilerThread0" daemon [_thread_blocked, id=10336, stack(0x0000003413f00000,0x0000003414000000)]
  0x000001eb7e984d90 JavaThread "C1 CompilerThread0" daemon [_thread_blocked, id=4068, stack(0x0000003414000000,0x0000003414100000)]
  0x000001eb7e99aae0 JavaThread "Sweeper thread" daemon [_thread_blocked, id=10528, stack(0x0000003414100000,0x0000003414200000)]
  0x000001eb7f50f3f0 JavaThread "Common-Cleaner" daemon [_thread_blocked, id=4384, stack(0x0000003414200000,0x0000003414300000)]
  0x000001eb7f513920 JavaThread "Notification Thread" daemon [_thread_blocked, id=15720, stack(0x0000003414300000,0x0000003414400000)]
  0x000001eb107538c0 JavaThread "Daemon health stats" [_thread_blocked, id=1184, stack(0x0000003414c00000,0x0000003414d00000)]
  0x000001eb1015d760 JavaThread "Incoming local TCP Connector on port 59889" [_thread_in_native, id=9564, stack(0x0000003414d00000,0x0000003414e00000)]
  0x000001eb0ff49f90 JavaThread "Daemon periodic checks" [_thread_blocked, id=15848, stack(0x0000003414e00000,0x0000003414f00000)]
  0x000001eb0f6be0c0 JavaThread "Daemon" [_thread_blocked, id=6204, stack(0x0000003414f00000,0x0000003415000000)]
  0x000001eb0fbf0d40 JavaThread "Handler for socket connection from /127.0.0.1:59889 to /127.0.0.1:59890" [_thread_in_native, id=11244, stack(0x0000003415000000,0x0000003415100000)]
  0x000001eb101351c0 JavaThread "Cancel handler" [_thread_blocked, id=2312, stack(0x0000003415100000,0x0000003415200000)]
  0x000001eb101356e0 JavaThread "Daemon worker" [_thread_blocked, id=12528, stack(0x0000003415200000,0x0000003415300000)]
  0x000001eb0fde2a40 JavaThread "Asynchronous log dispatcher for DefaultDaemonConnection: socket connection from /127.0.0.1:59889 to /127.0.0.1:59890" [_thread_blocked, id=16092, stack(0x0000003415300000,0x0000003415400000)]
  0x000001eb0fde3f80 JavaThread "Stdin handler" [_thread_blocked, id=14368, stack(0x0000003415400000,0x0000003415500000)]
  0x000001eb0fde0fb0 JavaThread "Daemon client event forwarder" [_thread_blocked, id=16356, stack(0x0000003415500000,0x0000003415600000)]
  0x000001eb0fde0a60 JavaThread "Cache worker for journal cache (C:\Users\alexp\.gradle\caches\journal-1)" [_thread_blocked, id=8608, stack(0x0000003415600000,0x0000003415700000)]
  0x000001eb0fde24f0 JavaThread "File lock request listener" [_thread_in_native, id=15028, stack(0x0000003415700000,0x0000003415800000)]
  0x000001eb0fde1500 JavaThread "Cache worker for file hash cache (C:\Users\alexp\.gradle\caches\7.2\fileHashes)" [_thread_blocked, id=10572, stack(0x0000003415800000,0x0000003415900000)]
  0x000001eb0fde34e0 JavaThread "Cache worker for file hash cache (C:\Users\alexp\OneDrive\Android\StarWarsUniverse\.gradle\7.2\fileHashes)" [_thread_blocked, id=14840, stack(0x0000003415900000,0x0000003415a00000)]
  0x000001eb0fde2f90 JavaThread "File watcher server" daemon [_thread_blocked, id=15740, stack(0x0000003415a00000,0x0000003415b00000)]
  0x000001eb0fde1a50 JavaThread "File watcher consumer" daemon [_thread_blocked, id=7228, stack(0x0000003415b00000,0x0000003415c00000)]
  0x000001eb0fde3a30 JavaThread "Cache worker for checksums cache (C:\Users\alexp\OneDrive\Android\StarWarsUniverse\.gradle\checksums)" [_thread_blocked, id=14768, stack(0x0000003415c00000,0x0000003415d00000)]
  0x000001eb0fde1fa0 JavaThread "Cache worker for cache directory md-supplier (C:\Users\alexp\.gradle\caches\7.2\md-supplier)" [_thread_blocked, id=1264, stack(0x0000003415d00000,0x0000003415e00000)]
  0x000001eb12290b20 JavaThread "Cache worker for cache directory md-rule (C:\Users\alexp\.gradle\caches\7.2\md-rule)" [_thread_blocked, id=3128, stack(0x0000003415e00000,0x0000003415f00000)]
  0x000001eb1228bb70 JavaThread "Cache worker for execution history cache (C:\Users\alexp\.gradle\caches\7.2\executionHistory)" [_thread_blocked, id=3596, stack(0x0000003415f00000,0x0000003416000000)]
  0x000001eb1228d600 JavaThread "jar transforms" [_thread_blocked, id=8540, stack(0x0000003416100000,0x0000003416200000)]
  0x000001eb1228d0b0 JavaThread "jar transforms Thread 2" [_thread_blocked, id=15996, stack(0x0000003416200000,0x0000003416300000)]
  0x000001eb1228ab80 JavaThread "Cache worker for file content cache (C:\Users\alexp\.gradle\caches\7.2\fileContent)" [_thread_blocked, id=10836, stack(0x0000003416300000,0x0000003416400000)]
  0x000001eb12291b10 JavaThread "Cache worker for dependencies-accessors (C:\Users\alexp\OneDrive\Android\StarWarsUniverse\.gradle\7.2\dependencies-accessors)" [_thread_blocked, id=8856, stack(0x0000003416400000,0x0000003416500000)]
  0x000001eb1228b0d0 JavaThread "jar transforms Thread 3" [_thread_blocked, id=6432, stack(0x0000003416500000,0x0000003416600000)]
  0x000001eb1228e0a0 JavaThread "Cache worker for Build Output Cleanup Cache (C:\Users\alexp\OneDrive\Android\StarWarsUniverse\.gradle\buildOutputCleanup)" [_thread_blocked, id=9876, stack(0x0000003416600000,0x0000003416700000)]
  0x000001eb12291070 JavaThread "Unconstrained build operations" [_thread_blocked, id=4848, stack(0x0000003416700000,0x0000003416800000)]
  0x000001eb1228e5f0 JavaThread "Unconstrained build operations Thread 2" [_thread_blocked, id=10252, stack(0x0000003416800000,0x0000003416900000)]
  0x000001eb1228f090 JavaThread "Unconstrained build operations Thread 3" [_thread_blocked, id=3968, stack(0x0000003416900000,0x0000003416a00000)]
  0x000001eb1228f5e0 JavaThread "Unconstrained build operations Thread 4" [_thread_blocked, id=1372, stack(0x0000003416a00000,0x0000003416b00000)]
  0x000001eb1228fb30 JavaThread "Unconstrained build operations Thread 5" [_thread_blocked, id=4852, stack(0x0000003416b00000,0x0000003416c00000)]
  0x000001eb122915c0 JavaThread "Unconstrained build operations Thread 6" [_thread_blocked, id=15452, stack(0x0000003416c00000,0x0000003416d00000)]
  0x000001eb1228db50 JavaThread "Unconstrained build operations Thread 7" [_thread_blocked, id=13916, stack(0x0000003416d00000,0x0000003416e00000)]
  0x000001eb1228b620 JavaThread "Unconstrained build operations Thread 8" [_thread_blocked, id=10872, stack(0x0000003416e00000,0x0000003416f00000)]
  0x000001eb12292060 JavaThread "Unconstrained build operations Thread 9" [_thread_blocked, id=8820, stack(0x0000003416f00000,0x0000003417000000)]
  0x000001eb1228c0c0 JavaThread "Unconstrained build operations Thread 10" [_thread_blocked, id=15100, stack(0x0000003417000000,0x0000003417100000)]
  0x000001eb1228c610 JavaThread "Unconstrained build operations Thread 11" [_thread_blocked, id=8972, stack(0x0000003417100000,0x0000003417200000)]
  0x000001eb12290080 JavaThread "Unconstrained build operations Thread 12" [_thread_blocked, id=5612, stack(0x0000003417200000,0x0000003417300000)]
  0x000001eb122905d0 JavaThread "Unconstrained build operations Thread 13" [_thread_blocked, id=6368, stack(0x0000003417300000,0x0000003417400000)]
  0x000001eb13259a90 JavaThread "Unconstrained build operations Thread 14" [_thread_blocked, id=14232, stack(0x0000003417400000,0x0000003417500000)]
  0x000001eb13253050 JavaThread "Unconstrained build operations Thread 15" [_thread_blocked, id=2340, stack(0x0000003417500000,0x0000003417600000)]
  0x000001eb13257560 JavaThread "Unconstrained build operations Thread 16" [_thread_blocked, id=11376, stack(0x0000003417600000,0x0000003417700000)]
  0x000001eb13252060 JavaThread "Unconstrained build operations Thread 17" [_thread_blocked, id=7700, stack(0x0000003417700000,0x0000003417800000)]
  0x000001eb13257010 JavaThread "Unconstrained build operations Thread 18" [_thread_blocked, id=13084, stack(0x0000003417800000,0x0000003417900000)]
  0x000001eb132535a0 JavaThread "Unconstrained build operations Thread 19" [_thread_blocked, id=2004, stack(0x0000003417900000,0x0000003417a00000)]
  0x000001eb13253af0 JavaThread "Unconstrained build operations Thread 20" [_thread_blocked, id=13616, stack(0x0000003417a00000,0x0000003417b00000)]
  0x000001eb13256020 JavaThread "Unconstrained build operations Thread 21" [_thread_blocked, id=16144, stack(0x0000003417b00000,0x0000003417c00000)]
  0x000001eb13259540 JavaThread "Unconstrained build operations Thread 22" [_thread_blocked, id=9432, stack(0x0000003417c00000,0x0000003417d00000)]
  0x000001eb13254040 JavaThread "Unconstrained build operations Thread 23" [_thread_blocked, id=9428, stack(0x0000003417d00000,0x0000003417e00000)]
  0x000001eb13255030 JavaThread "Unconstrained build operations Thread 24" [_thread_blocked, id=1596, stack(0x0000003417e00000,0x0000003417f00000)]
  0x000001eb13256570 JavaThread "Unconstrained build operations Thread 25" [_thread_blocked, id=13096, stack(0x0000003417f00000,0x0000003418000000)]
  0x000001eb132525b0 JavaThread "Unconstrained build operations Thread 26" [_thread_blocked, id=9608, stack(0x0000003418000000,0x0000003418100000)]
  0x000001eb13252b00 JavaThread "Unconstrained build operations Thread 27" [_thread_blocked, id=4188, stack(0x0000003418100000,0x0000003418200000)]
  0x000001eb13254590 JavaThread "Unconstrained build operations Thread 28" [_thread_blocked, id=14288, stack(0x0000003418200000,0x0000003418300000)]
  0x000001eb13254ae0 JavaThread "Unconstrained build operations Thread 29" [_thread_blocked, id=16380, stack(0x0000003418300000,0x0000003418400000)]
  0x000001eb13255580 JavaThread "Unconstrained build operations Thread 30" [_thread_blocked, id=9516, stack(0x0000003418400000,0x0000003418500000)]
  0x000001eb13258aa0 JavaThread "Unconstrained build operations Thread 31" [_thread_blocked, id=16140, stack(0x0000003418500000,0x0000003418600000)]
  0x000001eb13255ad0 JavaThread "Unconstrained build operations Thread 32" [_thread_blocked, id=6880, stack(0x0000003418600000,0x0000003418700000)]
  0x000001eb13256ac0 JavaThread "Unconstrained build operations Thread 33" [_thread_blocked, id=10612, stack(0x0000003418700000,0x0000003418800000)]
  0x000001eb13258550 JavaThread "Unconstrained build operations Thread 34" [_thread_blocked, id=6760, stack(0x0000003418800000,0x0000003418900000)]
  0x000001eb13258000 JavaThread "Unconstrained build operations Thread 35" [_thread_blocked, id=7016, stack(0x0000003418900000,0x0000003418a00000)]
  0x000001eb13257ab0 JavaThread "Unconstrained build operations Thread 36" [_thread_blocked, id=16240, stack(0x0000003418a00000,0x0000003418b00000)]
  0x000001eb13258ff0 JavaThread "Unconstrained build operations Thread 37" [_thread_blocked, id=6456, stack(0x0000003418b00000,0x0000003418c00000)]
  0x000001eb118e43e0 JavaThread "Unconstrained build operations Thread 38" [_thread_blocked, id=16244, stack(0x0000003418c00000,0x0000003418d00000)]
  0x000001eb118e6e60 JavaThread "Unconstrained build operations Thread 39" [_thread_blocked, id=7992, stack(0x0000003418d00000,0x0000003418e00000)]
  0x000001eb118e2400 JavaThread "Unconstrained build operations Thread 40" [_thread_blocked, id=4480, stack(0x0000003418e00000,0x0000003418f00000)]
  0x000001eb118e33f0 JavaThread "Unconstrained build operations Thread 41" [_thread_blocked, id=8200, stack(0x0000003418f00000,0x0000003419000000)]
  0x000001eb118e53d0 JavaThread "Unconstrained build operations Thread 42" [_thread_blocked, id=15472, stack(0x0000003419000000,0x0000003419100000)]
  0x000001eb118e3e90 JavaThread "Unconstrained build operations Thread 43" [_thread_blocked, id=4704, stack(0x0000003419100000,0x0000003419200000)]
  0x000001eb118e5920 JavaThread "Unconstrained build operations Thread 44" [_thread_blocked, id=276, stack(0x0000003419200000,0x0000003419300000)]
  0x000001eb118e1eb0 JavaThread "Unconstrained build operations Thread 45" [_thread_blocked, id=8588, stack(0x0000003419300000,0x0000003419400000)]
  0x000001eb118e2950 JavaThread "Unconstrained build operations Thread 46" [_thread_blocked, id=11496, stack(0x0000003419400000,0x0000003419500000)]
  0x000001eb118e5e70 JavaThread "Unconstrained build operations Thread 47" [_thread_blocked, id=14688, stack(0x0000003419500000,0x0000003419600000)]
  0x000001eb118e2ea0 JavaThread "Unconstrained build operations Thread 48" [_thread_blocked, id=5764, stack(0x0000003419600000,0x0000003419700000)]
  0x000001eb118e73b0 JavaThread "Unconstrained build operations Thread 49" [_thread_blocked, id=14292, stack(0x0000003419700000,0x0000003419800000)]
  0x000001eb118e1410 JavaThread "Unconstrained build operations Thread 50" [_thread_blocked, id=14780, stack(0x0000003419800000,0x0000003419900000)]
  0x000001eb118e63c0 JavaThread "Unconstrained build operations Thread 51" [_thread_blocked, id=3272, stack(0x0000003419900000,0x0000003419a00000)]
  0x000001eb118e7900 JavaThread "Unconstrained build operations Thread 52" [_thread_blocked, id=6468, stack(0x0000003419a00000,0x0000003419b00000)]
  0x000001eb118e4930 JavaThread "Unconstrained build operations Thread 53" [_thread_blocked, id=13208, stack(0x0000003419b00000,0x0000003419c00000)]
  0x000001eb118e3940 JavaThread "Unconstrained build operations Thread 54" [_thread_blocked, id=13436, stack(0x0000003419c00000,0x0000003419d00000)]
  0x000001eb118e6910 JavaThread "Unconstrained build operations Thread 55" [_thread_blocked, id=1716, stack(0x0000003419d00000,0x0000003419e00000)]
  0x000001eb118e4e80 JavaThread "Unconstrained build operations Thread 56" [_thread_blocked, id=15400, stack(0x0000003419e00000,0x0000003419f00000)]
  0x000001eb118e1960 JavaThread "Unconstrained build operations Thread 57" [_thread_blocked, id=9396, stack(0x0000003419f00000,0x000000341a000000)]
  0x000001eb118e0ec0 JavaThread "Unconstrained build operations Thread 58" [_thread_blocked, id=5916, stack(0x000000341a000000,0x000000341a100000)]
  0x000001eb118dfed0 JavaThread "Unconstrained build operations Thread 59" [_thread_blocked, id=5616, stack(0x000000341a100000,0x000000341a200000)]
  0x000001eb118e0420 JavaThread "Unconstrained build operations Thread 60" [_thread_blocked, id=10364, stack(0x000000341a200000,0x000000341a300000)]
  0x000001eb118e0970 JavaThread "jar transforms Thread 4" [_thread_blocked, id=16360, stack(0x000000341a300000,0x000000341a400000)]
  0x000001eb101215c0 JavaThread "jar transforms Thread 5" [_thread_blocked, id=16324, stack(0x000000341a400000,0x000000341a500000)]
  0x000001eb10121070 JavaThread "jar transforms Thread 6" [_thread_blocked, id=8004, stack(0x000000341a500000,0x000000341a600000)]
  0x000001eb10122060 JavaThread "Memory manager" [_thread_blocked, id=13680, stack(0x000000341a600000,0x000000341a700000)]
  0x000001eb10122b00 JavaThread "build event listener" [_thread_blocked, id=16016, stack(0x000000341a700000,0x000000341a800000)]
  0x000001eb101235a0 JavaThread "Execution worker for ':'" [_thread_blocked, id=4500, stack(0x000000341a800000,0x000000341a900000)]
  0x000001eb10123050 JavaThread "Execution worker for ':' Thread 2" [_thread_blocked, id=10976, stack(0x000000341a900000,0x000000341aa00000)]
  0x000001eb10124040 JavaThread "Execution worker for ':' Thread 3" [_thread_blocked, id=14284, stack(0x000000341aa00000,0x000000341ab00000)]
  0x000001eb10120b20 JavaThread "Execution worker for ':' Thread 4" [_thread_blocked, id=13544, stack(0x000000341ab00000,0x000000341ac00000)]
  0x000001eb10124590 JavaThread "Execution worker for ':' Thread 5" [_thread_blocked, id=1960, stack(0x000000341ac00000,0x000000341ad00000)]
  0x000001eb1011e0a0 JavaThread "Cache worker for execution history cache (C:\Users\alexp\OneDrive\Android\StarWarsUniverse\.gradle\7.2\executionHistory)" [_thread_blocked, id=8108, stack(0x000000341ad00000,0x000000341ae00000)]
  0x000001eb11e7e230 JavaThread "C2 CompilerThread1" daemon [_thread_blocked, id=11412, stack(0x0000003414500000,0x0000003414600000)]
  0x000001eb10120080 JavaThread "WorkerExecutor Queue" [_thread_blocked, id=14280, stack(0x000000341ae00000,0x000000341af00000)]
  0x000001eb1011db50 JavaThread "WorkerExecutor Queue Thread 2" [_thread_blocked, id=3856, stack(0x000000341af00000,0x000000341b000000)]
  0x000001eb1011eb40 JavaThread "WorkerExecutor Queue Thread 3" [_thread_blocked, id=15416, stack(0x000000341b000000,0x000000341b100000)]

Other Threads:
=>0x000001eb7e95c690 VMThread "VM Thread" [stack: 0x0000003413800000,0x0000003413900000] [id=3548]
  0x000001eb7f51be70 WatcherThread [stack: 0x0000003414400000,0x0000003414500000] [id=16352]
  0x000001eb6dd827a0 GCTaskThread "GC Thread#0" [stack: 0x0000003413300000,0x0000003413400000] [id=16340]
  0x000001eb7fd98f20 GCTaskThread "GC Thread#1" [stack: 0x0000003414600000,0x0000003414700000] [id=14896]
  0x000001eb0f082a50 GCTaskThread "GC Thread#2" [stack: 0x0000003414700000,0x0000003414800000] [id=16368]
  0x000001eb7fd9a400 GCTaskThread "GC Thread#3" [stack: 0x0000003414800000,0x0000003414900000] [id=12612]
  0x000001eb7fd9a710 GCTaskThread "GC Thread#4" [stack: 0x0000003414900000,0x0000003414a00000] [id=8816]
  0x000001eb7fdb0e50 GCTaskThread "GC Thread#5" [stack: 0x0000003414a00000,0x0000003414b00000] [id=1936]
  0x000001eb6dd938e0 ConcurrentGCThread "G1 Main Marker" [stack: 0x0000003413400000,0x0000003413500000] [id=16308]
  0x000001eb6dd943d0 ConcurrentGCThread "G1 Conc#0" [stack: 0x0000003413500000,0x0000003413600000] [id=4688]
  0x000001eb119c5690 ConcurrentGCThread "G1 Conc#1" [stack: 0x0000003416000000,0x0000003416100000] [id=12564]
  0x000001eb6de0e050 ConcurrentGCThread "G1 Refine#0" [stack: 0x0000003413600000,0x0000003413700000] [id=3112]
  0x000001eb0f0d4170 ConcurrentGCThread "G1 Refine#1" [stack: 0x0000003414b00000,0x0000003414c00000] [id=13076]
  0x000001eb7e80c8c0 ConcurrentGCThread "G1 Service" [stack: 0x0000003413700000,0x0000003413800000] [id=12384]

Threads with active compile tasks:
C2 CompilerThread0    12043 11779   !   4       java.util.concurrent.ConcurrentHashMap::putVal (432 bytes)
C2 CompilerThread1    12044 11784       4       com.android.tools.r8.internal.p41::b (75 bytes)

VM state: at safepoint (normal execution)

VM Mutex/Monitor currently owned by a thread:  ([mutex/lock_event])
[0x000001eb6dd3f600] Threads_lock - owner thread: 0x000001eb7e95c690
[0x000001eb6dd3ff00] Heap_lock - owner thread: 0x000001eb6dd938e0

Heap address: 0x0000000080000000, size: 2048 MB, Compressed Oops mode: 32-bit
CDS archive(s) mapped at: [0x0000000800000000-0x0000000800bb0000-0x0000000800bb0000), size 12255232, SharedBaseAddress: 0x0000000800000000, ArchiveRelocationMode: 0.
Compressed class space mapped at: 0x0000000800c00000-0x0000000840c00000, reserved size: 1073741824
Narrow klass base: 0x0000000800000000, Narrow klass shift: 3, Narrow klass range: 0x100000000

GC Precious Log:
 CPUs: 6 total, 6 available
 Memory: 16328M
 Large Page Support: Disabled
 NUMA Support: Disabled
 Compressed Oops: Enabled (32-bit)
 Heap Region Size: 1M
 Heap Min Capacity: 8M
 Heap Initial Capacity: 256M
 Heap Max Capacity: 2G
 Pre-touch: Disabled
 Parallel Workers: 6
 Concurrent Workers: 2
 Concurrent Refinement Workers: 6
 Periodic GC: Disabled

Heap:
 garbage-first heap   total 198656K, used 145858K [0x0000000080000000, 0x0000000100000000)
  region size 1024K, 21 young (21504K), 7 survivors (7168K)
 Metaspace       used 86460K, committed 87104K, reserved 1130496K
  class space    used 11613K, committed 11904K, reserved 1048576K

Heap Regions: E=young(eden), S=young(survivor), O=old, HS=humongous(starts), HC=humongous(continues), CS=collection set, F=free, OA=open archive, CA=closed archive, TAMS=top-at-mark-start (previous, next)
|   0|0x0000000080000000, 0x0000000080100000, 0x0000000080100000|100%| O|  |TAMS 0x0000000080100000, 0x0000000080000000| Updating 
|   1|0x0000000080100000, 0x0000000080200000, 0x0000000080200000|100%| O|  |TAMS 0x0000000080200000, 0x0000000080100000| Updating 
|   2|0x0000000080200000, 0x0000000080208e00, 0x0000000080300000|  3%| O|  |TAMS 0x0000000080208e00, 0x0000000080200000| Updating 
|   3|0x0000000080300000, 0x0000000080400000, 0x0000000080400000|100%|HS|  |TAMS 0x0000000080400000, 0x0000000080300000| Complete 
|   4|0x0000000080400000, 0x0000000080500000, 0x0000000080500000|100%|HC|  |TAMS 0x0000000080500000, 0x0000000080400000| Complete 
|   5|0x0000000080500000, 0x0000000080600000, 0x0000000080600000|100%|HC|  |TAMS 0x0000000080600000, 0x0000000080500000| Complete 
|   6|0x0000000080600000, 0x0000000080700000, 0x0000000080700000|100%| O|  |TAMS 0x0000000080700000, 0x0000000080600000| Updating 
|   7|0x0000000080700000, 0x0000000080800000, 0x0000000080800000|100%| O|  |TAMS 0x0000000080800000, 0x0000000080700000| Updating 
|   8|0x0000000080800000, 0x0000000080900000, 0x0000000080900000|100%| O|  |TAMS 0x0000000080900000, 0x0000000080800000| Updating 
|   9|0x0000000080900000, 0x0000000080a00000, 0x0000000080a00000|100%| O|  |TAMS 0x0000000080a00000, 0x0000000080900000| Updating 
|  10|0x0000000080a00000, 0x0000000080b00000, 0x0000000080b00000|100%| O|  |TAMS 0x0000000080b00000, 0x0000000080a00000| Updating 
|  11|0x0000000080b00000, 0x0000000080c00000, 0x0000000080c00000|100%| O|  |TAMS 0x0000000080c00000, 0x0000000080b00000| Updating 
|  12|0x0000000080c00000, 0x0000000080d00000, 0x0000000080d00000|100%| O|  |TAMS 0x0000000080d00000, 0x0000000080c00000| Updating 
|  13|0x0000000080d00000, 0x0000000080e00000, 0x0000000080e00000|100%| O|  |TAMS 0x0000000080e00000, 0x0000000080d00000| Updating 
|  14|0x0000000080e00000, 0x0000000080f00000, 0x0000000080f00000|100%| O|  |TAMS 0x0000000080f00000, 0x0000000080e00000| Updating 
|  15|0x0000000080f00000, 0x0000000081000000, 0x0000000081000000|100%| O|  |TAMS 0x0000000081000000, 0x0000000080f00000| Updating 
|  16|0x0000000081000000, 0x0000000081100000, 0x0000000081100000|100%| O|  |TAMS 0x0000000081100000, 0x0000000081000000| Updating 
|  17|0x0000000081100000, 0x0000000081200000, 0x0000000081200000|100%| O|  |TAMS 0x0000000081200000, 0x0000000081100000| Updating 
|  18|0x0000000081200000, 0x0000000081300000, 0x0000000081300000|100%| O|  |TAMS 0x0000000081300000, 0x0000000081200000| Updating 
|  19|0x0000000081300000, 0x0000000081400000, 0x0000000081400000|100%| O|  |TAMS 0x0000000081400000, 0x0000000081300000| Updating 
|  20|0x0000000081400000, 0x0000000081500000, 0x0000000081500000|100%| O|  |TAMS 0x0000000081500000, 0x0000000081400000| Updating 
|  21|0x0000000081500000, 0x0000000081600000, 0x0000000081600000|100%| O|  |TAMS 0x0000000081600000, 0x0000000081500000| Updating 
|  22|0x0000000081600000, 0x0000000081700000, 0x0000000081700000|100%| O|  |TAMS 0x0000000081700000, 0x0000000081600000| Updating 
|  23|0x0000000081700000, 0x0000000081800000, 0x0000000081800000|100%| O|  |TAMS 0x0000000081800000, 0x0000000081700000| Updating 
|  24|0x0000000081800000, 0x0000000081900000, 0x0000000081900000|100%| O|  |TAMS 0x0000000081900000, 0x0000000081800000| Updating 
|  25|0x0000000081900000, 0x0000000081a00000, 0x0000000081a00000|100%| O|  |TAMS 0x0000000081a00000, 0x0000000081900000| Updating 
|  26|0x0000000081a00000, 0x0000000081b00000, 0x0000000081b00000|100%| O|  |TAMS 0x0000000081b00000, 0x0000000081a00000| Updating 
|  27|0x0000000081b00000, 0x0000000081c00000, 0x0000000081c00000|100%| O|  |TAMS 0x0000000081c00000, 0x0000000081b00000| Updating 
|  28|0x0000000081c00000, 0x0000000081d00000, 0x0000000081d00000|100%| O|  |TAMS 0x0000000081d00000, 0x0000000081c00000| Updating 
|  29|0x0000000081d00000, 0x0000000081e00000, 0x0000000081e00000|100%|HS|  |TAMS 0x0000000081e00000, 0x0000000081d00000| Complete 
|  30|0x0000000081e00000, 0x0000000081f00000, 0x0000000081f00000|100%| O|  |TAMS 0x0000000081f00000, 0x0000000081e00000| Updating 
|  31|0x0000000081f00000, 0x0000000082000000, 0x0000000082000000|100%| O|  |TAMS 0x0000000082000000, 0x0000000081f00000| Updating 
|  32|0x0000000082000000, 0x0000000082100000, 0x0000000082100000|100%| O|  |TAMS 0x0000000082100000, 0x0000000082000000| Updating 
|  33|0x0000000082100000, 0x0000000082200000, 0x0000000082200000|100%| O|  |TAMS 0x0000000082200000, 0x0000000082100000| Updating 
|  34|0x0000000082200000, 0x0000000082300000, 0x0000000082300000|100%| O|  |TAMS 0x0000000082300000, 0x0000000082200000| Updating 
|  35|0x0000000082300000, 0x0000000082400000, 0x0000000082400000|100%| O|  |TAMS 0x0000000082400000, 0x0000000082300000| Updating 
|  36|0x0000000082400000, 0x0000000082500000, 0x0000000082500000|100%|HS|  |TAMS 0x0000000082500000, 0x0000000082400000| Complete 
|  37|0x0000000082500000, 0x0000000082600000, 0x0000000082600000|100%|HS|  |TAMS 0x0000000082600000, 0x0000000082500000| Complete 
|  38|0x0000000082600000, 0x0000000082700000, 0x0000000082700000|100%|HS|  |TAMS 0x0000000082700000, 0x0000000082600000| Complete 
|  39|0x0000000082700000, 0x0000000082800000, 0x0000000082800000|100%|HS|  |TAMS 0x0000000082800000, 0x0000000082700000| Complete 
|  40|0x0000000082800000, 0x0000000082900000, 0x0000000082900000|100%|HC|  |TAMS 0x0000000082900000, 0x0000000082800000| Complete 
|  41|0x0000000082900000, 0x0000000082a00000, 0x0000000082a00000|100%|HC|  |TAMS 0x0000000082a00000, 0x0000000082900000| Complete 
|  42|0x0000000082a00000, 0x0000000082b00000, 0x0000000082b00000|100%| O|  |TAMS 0x0000000082b00000, 0x0000000082a00000| Updating 
|  43|0x0000000082b00000, 0x0000000082c00000, 0x0000000082c00000|100%| O|  |TAMS 0x0000000082c00000, 0x0000000082b00000| Updating 
|  44|0x0000000082c00000, 0x0000000082d00000, 0x0000000082d00000|100%| O|  |TAMS 0x0000000082d00000, 0x0000000082c00000| Updating 
|  45|0x0000000082d00000, 0x0000000082e00000, 0x0000000082e00000|100%|HS|  |TAMS 0x0000000082e00000, 0x0000000082d00000| Complete 
|  46|0x0000000082e00000, 0x0000000082f00000, 0x0000000082f00000|100%|HC|  |TAMS 0x0000000082f00000, 0x0000000082e00000| Complete 
|  47|0x0000000082f00000, 0x0000000083000000, 0x0000000083000000|100%| O|  |TAMS 0x0000000083000000, 0x0000000082f00000| Updating 
|  48|0x0000000083000000, 0x0000000083100000, 0x0000000083100000|100%| O|  |TAMS 0x0000000083100000, 0x0000000083000000| Updating 
|  49|0x0000000083100000, 0x0000000083200000, 0x0000000083200000|100%| O|  |TAMS 0x0000000083200000, 0x0000000083100000| Updating 
|  50|0x0000000083200000, 0x0000000083300000, 0x0000000083300000|100%| O|  |TAMS 0x0000000083300000, 0x0000000083200000| Updating 
|  51|0x0000000083300000, 0x0000000083400000, 0x0000000083400000|100%| O|  |TAMS 0x0000000083400000, 0x0000000083300000| Updating 
|  52|0x0000000083400000, 0x0000000083500000, 0x0000000083500000|100%| O|  |TAMS 0x0000000083500000, 0x0000000083400000| Updating 
|  53|0x0000000083500000, 0x0000000083600000, 0x0000000083600000|100%| O|  |TAMS 0x0000000083600000, 0x0000000083500000| Updating 
|  54|0x0000000083600000, 0x0000000083700000, 0x0000000083700000|100%| O|  |TAMS 0x0000000083700000, 0x0000000083600000| Updating 
|  55|0x0000000083700000, 0x0000000083800000, 0x0000000083800000|100%| O|  |TAMS 0x0000000083800000, 0x0000000083700000| Updating 
|  56|0x0000000083800000, 0x0000000083900000, 0x0000000083900000|100%| O|  |TAMS 0x0000000083900000, 0x0000000083800000| Updating 
|  57|0x0000000083900000, 0x0000000083a00000, 0x0000000083a00000|100%| O|  |TAMS 0x0000000083a00000, 0x0000000083900000| Updating 
|  58|0x0000000083a00000, 0x0000000083b00000, 0x0000000083b00000|100%| O|  |TAMS 0x0000000083b00000, 0x0000000083a00000| Updating 
|  59|0x0000000083b00000, 0x0000000083c00000, 0x0000000083c00000|100%| O|  |TAMS 0x0000000083c00000, 0x0000000083b00000| Updating 
|  60|0x0000000083c00000, 0x0000000083d00000, 0x0000000083d00000|100%| O|  |TAMS 0x0000000083d00000, 0x0000000083c00000| Updating 
|  61|0x0000000083d00000, 0x0000000083e00000, 0x0000000083e00000|100%| O|  |TAMS 0x0000000083e00000, 0x0000000083d00000| Updating 
|  62|0x0000000083e00000, 0x0000000083f00000, 0x0000000083f00000|100%| O|  |TAMS 0x0000000083f00000, 0x0000000083e00000| Updating 
|  63|0x0000000083f00000, 0x0000000084000000, 0x0000000084000000|100%| O|  |TAMS 0x0000000084000000, 0x0000000083f00000| Updating 
|  64|0x0000000084000000, 0x0000000084100000, 0x0000000084100000|100%| O|  |TAMS 0x0000000084100000, 0x0000000084000000| Updating 
|  65|0x0000000084100000, 0x0000000084200000, 0x0000000084200000|100%| O|  |TAMS 0x0000000084200000, 0x0000000084100000| Updating 
|  66|0x0000000084200000, 0x0000000084300000, 0x0000000084300000|100%| O|  |TAMS 0x0000000084300000, 0x0000000084200000| Updating 
|  67|0x0000000084300000, 0x0000000084400000, 0x0000000084400000|100%| O|  |TAMS 0x0000000084400000, 0x0000000084300000| Updating 
|  68|0x0000000084400000, 0x0000000084500000, 0x0000000084500000|100%| O|  |TAMS 0x0000000084500000, 0x0000000084400000| Updating 
|  69|0x0000000084500000, 0x0000000084600000, 0x0000000084600000|100%| O|  |TAMS 0x0000000084600000, 0x0000000084500000| Updating 
|  70|0x0000000084600000, 0x0000000084700000, 0x0000000084700000|100%| O|  |TAMS 0x0000000084700000, 0x0000000084600000| Updating 
|  71|0x0000000084700000, 0x0000000084800000, 0x0000000084800000|100%| O|  |TAMS 0x0000000084800000, 0x0000000084700000| Updating 
|  72|0x0000000084800000, 0x0000000084900000, 0x0000000084900000|100%| O|  |TAMS 0x0000000084900000, 0x0000000084800000| Updating 
|  73|0x0000000084900000, 0x0000000084a00000, 0x0000000084a00000|100%| O|  |TAMS 0x0000000084a00000, 0x0000000084900000| Updating 
|  74|0x0000000084a00000, 0x0000000084b00000, 0x0000000084b00000|100%| O|  |TAMS 0x0000000084b00000, 0x0000000084a00000| Updating 
|  75|0x0000000084b00000, 0x0000000084c00000, 0x0000000084c00000|100%| O|  |TAMS 0x0000000084c00000, 0x0000000084b00000| Updating 
|  76|0x0000000084c00000, 0x0000000084d00000, 0x0000000084d00000|100%| O|  |TAMS 0x0000000084d00000, 0x0000000084c00000| Updating 
|  77|0x0000000084d00000, 0x0000000084e00000, 0x0000000084e00000|100%| O|  |TAMS 0x0000000084e00000, 0x0000000084d00000| Updating 
|  78|0x0000000084e00000, 0x0000000084f00000, 0x0000000084f00000|100%| O|  |TAMS 0x0000000084f00000, 0x0000000084e00000| Updating 
|  79|0x0000000084f00000, 0x0000000085000000, 0x0000000085000000|100%| O|  |TAMS 0x0000000085000000, 0x0000000084f00000| Updating 
|  80|0x0000000085000000, 0x0000000085100000, 0x0000000085100000|100%| O|  |TAMS 0x0000000085100000, 0x0000000085000000| Updating 
|  81|0x0000000085100000, 0x0000000085200000, 0x0000000085200000|100%| O|  |TAMS 0x0000000085200000, 0x0000000085100000| Updating 
|  82|0x0000000085200000, 0x0000000085300000, 0x0000000085300000|100%| O|  |TAMS 0x0000000085300000, 0x0000000085200000| Updating 
|  83|0x0000000085300000, 0x0000000085400000, 0x0000000085400000|100%| O|  |TAMS 0x0000000085400000, 0x0000000085300000| Updating 
|  84|0x0000000085400000, 0x0000000085500000, 0x0000000085500000|100%| O|  |TAMS 0x0000000085500000, 0x0000000085400000| Updating 
|  85|0x0000000085500000, 0x0000000085600000, 0x0000000085600000|100%| O|  |TAMS 0x0000000085600000, 0x0000000085500000| Updating 
|  86|0x0000000085600000, 0x0000000085700000, 0x0000000085700000|100%| O|  |TAMS 0x0000000085700000, 0x0000000085600000| Updating 
|  87|0x0000000085700000, 0x0000000085800000, 0x0000000085800000|100%| O|  |TAMS 0x0000000085800000, 0x0000000085700000| Updating 
|  88|0x0000000085800000, 0x0000000085900000, 0x0000000085900000|100%| O|  |TAMS 0x0000000085900000, 0x0000000085800000| Updating 
|  89|0x0000000085900000, 0x0000000085a00000, 0x0000000085a00000|100%| O|  |TAMS 0x0000000085a00000, 0x0000000085900000| Updating 
|  90|0x0000000085a00000, 0x0000000085b00000, 0x0000000085b00000|100%| O|  |TAMS 0x0000000085a34e00, 0x0000000085a00000| Updating 
|  91|0x0000000085b00000, 0x0000000085c00000, 0x0000000085c00000|100%|HS|  |TAMS 0x0000000085c00000, 0x0000000085b00000| Complete 
|  92|0x0000000085c00000, 0x0000000085d00000, 0x0000000085d00000|100%|HC|  |TAMS 0x0000000085d00000, 0x0000000085c00000| Complete 
|  93|0x0000000085d00000, 0x0000000085e00000, 0x0000000085e00000|100%|HS|  |TAMS 0x0000000085e00000, 0x0000000085d00000| Complete 
|  94|0x0000000085e00000, 0x0000000085f00000, 0x0000000085f00000|100%|HC|  |TAMS 0x0000000085f00000, 0x0000000085e00000| Complete 
|  95|0x0000000085f00000, 0x0000000086000000, 0x0000000086000000|100%|HS|  |TAMS 0x0000000086000000, 0x0000000085f00000| Complete 
|  96|0x0000000086000000, 0x0000000086100000, 0x0000000086100000|100%|HS|  |TAMS 0x0000000086100000, 0x0000000086000000| Complete 
|  97|0x0000000086100000, 0x0000000086200000, 0x0000000086200000|100%|HS|  |TAMS 0x0000000086200000, 0x0000000086100000| Complete 
|  98|0x0000000086200000, 0x0000000086300000, 0x0000000086300000|100%|HS|  |TAMS 0x0000000086300000, 0x0000000086200000| Complete 
|  99|0x0000000086300000, 0x0000000086400000, 0x0000000086400000|100%|HS|  |TAMS 0x0000000086400000, 0x0000000086300000| Complete 
| 100|0x0000000086400000, 0x0000000086500000, 0x0000000086500000|100%|HC|  |TAMS 0x0000000086500000, 0x0000000086400000| Complete 
| 101|0x0000000086500000, 0x0000000086600000, 0x0000000086600000|100%|HC|  |TAMS 0x0000000086600000, 0x0000000086500000| Complete 
| 102|0x0000000086600000, 0x0000000086667a08, 0x0000000086700000| 40%| O|  |TAMS 0x0000000086600000, 0x0000000086600000| Updating 
| 103|0x0000000086700000, 0x0000000086800000, 0x0000000086800000|100%|HS|  |TAMS 0x0000000086700000, 0x0000000086700000| Complete 
| 104|0x0000000086800000, 0x0000000086900000, 0x0000000086900000|100%|HC|  |TAMS 0x0000000086800000, 0x0000000086800000| Complete 
| 105|0x0000000086900000, 0x0000000086a00000, 0x0000000086a00000|100%|HS|  |TAMS 0x0000000086900000, 0x0000000086900000| Complete 
| 106|0x0000000086a00000, 0x0000000086b00000, 0x0000000086b00000|100%|HC|  |TAMS 0x0000000086a00000, 0x0000000086a00000| Complete 
| 107|0x0000000086b00000, 0x0000000086c00000, 0x0000000086c00000|100%|HS|  |TAMS 0x0000000086b00000, 0x0000000086b00000| Complete 
| 108|0x0000000086c00000, 0x0000000086d00000, 0x0000000086d00000|100%|HC|  |TAMS 0x0000000086c00000, 0x0000000086c00000| Complete 
| 109|0x0000000086d00000, 0x0000000086e00000, 0x0000000086e00000|100%|HS|  |TAMS 0x0000000086d00000, 0x0000000086d00000| Complete 
| 110|0x0000000086e00000, 0x0000000086f00000, 0x0000000086f00000|100%|HC|  |TAMS 0x0000000086e00000, 0x0000000086e00000| Complete 
| 111|0x0000000086f00000, 0x0000000087000000, 0x0000000087000000|100%|HS|  |TAMS 0x0000000086f00000, 0x0000000086f00000| Complete 
| 112|0x0000000087000000, 0x0000000087100000, 0x0000000087100000|100%|HS|  |TAMS 0x0000000087000000, 0x0000000087000000| Complete 
| 113|0x0000000087100000, 0x0000000087200000, 0x0000000087200000|100%|HS|  |TAMS 0x0000000087100000, 0x0000000087100000| Complete 
| 114|0x0000000087200000, 0x0000000087300000, 0x0000000087300000|100%|HS|  |TAMS 0x0000000087200000, 0x0000000087200000| Complete 
| 115|0x0000000087300000, 0x0000000087400000, 0x0000000087400000|100%|HS|  |TAMS 0x0000000087300000, 0x0000000087300000| Complete 
| 116|0x0000000087400000, 0x0000000087500000, 0x0000000087500000|100%|HS|  |TAMS 0x0000000087400000, 0x0000000087400000| Complete 
| 117|0x0000000087500000, 0x0000000087600000, 0x0000000087600000|100%|HS|  |TAMS 0x0000000087500000, 0x0000000087500000| Complete 
| 118|0x0000000087600000, 0x0000000087700000, 0x0000000087700000|100%|HS|  |TAMS 0x0000000087600000, 0x0000000087600000| Complete 
| 119|0x0000000087700000, 0x0000000087800000, 0x0000000087800000|100%|HS|  |TAMS 0x0000000087700000, 0x0000000087700000| Complete 
| 120|0x0000000087800000, 0x0000000087900000, 0x0000000087900000|100%|HC|  |TAMS 0x0000000087800000, 0x0000000087800000| Complete 
| 121|0x0000000087900000, 0x0000000087a00000, 0x0000000087a00000|100%|HC|  |TAMS 0x0000000087900000, 0x0000000087900000| Complete 
| 122|0x0000000087a00000, 0x0000000087b00000, 0x0000000087b00000|100%|HS|  |TAMS 0x0000000087a00000, 0x0000000087a00000| Complete 
| 123|0x0000000087b00000, 0x0000000087c00000, 0x0000000087c00000|100%|HC|  |TAMS 0x0000000087b00000, 0x0000000087b00000| Complete 
| 124|0x0000000087c00000, 0x0000000087d00000, 0x0000000087d00000|100%|HC|  |TAMS 0x0000000087c00000, 0x0000000087c00000| Complete 
| 125|0x0000000087d00000, 0x0000000087d00000, 0x0000000087e00000|  0%| F|  |TAMS 0x0000000087d00000, 0x0000000087d00000| Untracked 
| 126|0x0000000087e00000, 0x0000000087e00000, 0x0000000087f00000|  0%| F|  |TAMS 0x0000000087e00000, 0x0000000087e00000| Untracked 
| 127|0x0000000087f00000, 0x0000000087f00000, 0x0000000088000000|  0%| F|  |TAMS 0x0000000087f00000, 0x0000000087f00000| Untracked 
| 128|0x0000000088000000, 0x0000000088000000, 0x0000000088100000|  0%| F|  |TAMS 0x0000000088000000, 0x0000000088000000| Untracked 
| 129|0x0000000088100000, 0x0000000088100000, 0x0000000088200000|  0%| F|  |TAMS 0x0000000088100000, 0x0000000088100000| Untracked 
| 130|0x0000000088200000, 0x0000000088200000, 0x0000000088300000|  0%| F|  |TAMS 0x0000000088200000, 0x0000000088200000| Untracked 
| 131|0x0000000088300000, 0x0000000088300000, 0x0000000088400000|  0%| F|  |TAMS 0x0000000088300000, 0x0000000088300000| Untracked 
| 132|0x0000000088400000, 0x0000000088400000, 0x0000000088500000|  0%| F|  |TAMS 0x0000000088400000, 0x0000000088400000| Untracked 
| 133|0x0000000088500000, 0x0000000088500000, 0x0000000088600000|  0%| F|  |TAMS 0x0000000088500000, 0x0000000088500000| Untracked 
| 134|0x0000000088600000, 0x0000000088600000, 0x0000000088700000|  0%| F|  |TAMS 0x0000000088600000, 0x0000000088600000| Untracked 
| 135|0x0000000088700000, 0x0000000088700000, 0x0000000088800000|  0%| F|  |TAMS 0x0000000088700000, 0x0000000088700000| Untracked 
| 136|0x0000000088800000, 0x0000000088800000, 0x0000000088900000|  0%| F|  |TAMS 0x0000000088800000, 0x0000000088800000| Untracked 
| 137|0x0000000088900000, 0x0000000088900000, 0x0000000088a00000|  0%| F|  |TAMS 0x0000000088900000, 0x0000000088900000| Untracked 
| 138|0x0000000088a00000, 0x0000000088a00000, 0x0000000088b00000|  0%| F|  |TAMS 0x0000000088a00000, 0x0000000088a00000| Untracked 
| 139|0x0000000088b00000, 0x0000000088b00000, 0x0000000088c00000|  0%| F|  |TAMS 0x0000000088b00000, 0x0000000088b00000| Untracked 
| 140|0x0000000088c00000, 0x0000000088c00000, 0x0000000088d00000|  0%| F|  |TAMS 0x0000000088c00000, 0x0000000088c00000| Untracked 
| 141|0x0000000088d00000, 0x0000000088d00000, 0x0000000088e00000|  0%| F|  |TAMS 0x0000000088d00000, 0x0000000088d00000| Untracked 
| 142|0x0000000088e00000, 0x0000000088e00000, 0x0000000088f00000|  0%| F|  |TAMS 0x0000000088e00000, 0x0000000088e00000| Untracked 
| 143|0x0000000088f00000, 0x0000000088f00000, 0x0000000089000000|  0%| F|  |TAMS 0x0000000088f00000, 0x0000000088f00000| Untracked 
| 144|0x0000000089000000, 0x0000000089000000, 0x0000000089100000|  0%| F|  |TAMS 0x0000000089000000, 0x0000000089000000| Untracked 
| 145|0x0000000089100000, 0x0000000089100000, 0x0000000089200000|  0%| F|  |TAMS 0x0000000089100000, 0x0000000089100000| Untracked 
| 146|0x0000000089200000, 0x0000000089200000, 0x0000000089300000|  0%| F|  |TAMS 0x0000000089200000, 0x0000000089200000| Untracked 
| 147|0x0000000089300000, 0x0000000089300000, 0x0000000089400000|  0%| F|  |TAMS 0x0000000089300000, 0x0000000089300000| Untracked 
| 148|0x0000000089400000, 0x0000000089400000, 0x0000000089500000|  0%| F|  |TAMS 0x0000000089400000, 0x0000000089400000| Untracked 
| 149|0x0000000089500000, 0x0000000089500000, 0x0000000089600000|  0%| F|  |TAMS 0x0000000089500000, 0x0000000089500000| Untracked 
| 150|0x0000000089600000, 0x0000000089600000, 0x0000000089700000|  0%| F|  |TAMS 0x0000000089600000, 0x0000000089600000| Untracked 
| 151|0x0000000089700000, 0x0000000089700000, 0x0000000089800000|  0%| F|  |TAMS 0x0000000089700000, 0x0000000089700000| Untracked 
| 152|0x0000000089800000, 0x0000000089800000, 0x0000000089900000|  0%| F|  |TAMS 0x0000000089800000, 0x0000000089800000| Untracked 
| 153|0x0000000089900000, 0x0000000089900000, 0x0000000089a00000|  0%| F|  |TAMS 0x0000000089900000, 0x0000000089900000| Untracked 
| 154|0x0000000089a00000, 0x0000000089a00000, 0x0000000089b00000|  0%| F|  |TAMS 0x0000000089a00000, 0x0000000089a00000| Untracked 
| 155|0x0000000089b00000, 0x0000000089b00000, 0x0000000089c00000|  0%| F|  |TAMS 0x0000000089b00000, 0x0000000089b00000| Untracked 
| 156|0x0000000089c00000, 0x0000000089c00000, 0x0000000089d00000|  0%| F|  |TAMS 0x0000000089c00000, 0x0000000089c00000| Untracked 
| 157|0x0000000089d00000, 0x0000000089d00000, 0x0000000089e00000|  0%| F|  |TAMS 0x0000000089d00000, 0x0000000089d00000| Untracked 
| 158|0x0000000089e00000, 0x0000000089e00000, 0x0000000089f00000|  0%| F|  |TAMS 0x0000000089e00000, 0x0000000089e00000| Untracked 
| 159|0x0000000089f00000, 0x0000000089f00000, 0x000000008a000000|  0%| F|  |TAMS 0x0000000089f00000, 0x0000000089f00000| Untracked 
| 160|0x000000008a000000, 0x000000008a000000, 0x000000008a100000|  0%| F|  |TAMS 0x000000008a000000, 0x000000008a000000| Untracked 
| 161|0x000000008a100000, 0x000000008a100000, 0x000000008a200000|  0%| F|  |TAMS 0x000000008a100000, 0x000000008a100000| Untracked 
| 162|0x000000008a200000, 0x000000008a200000, 0x000000008a300000|  0%| F|  |TAMS 0x000000008a200000, 0x000000008a200000| Untracked 
| 163|0x000000008a300000, 0x000000008a300000, 0x000000008a400000|  0%| F|  |TAMS 0x000000008a300000, 0x000000008a300000| Untracked 
| 164|0x000000008a400000, 0x000000008a400000, 0x000000008a500000|  0%| F|  |TAMS 0x000000008a400000, 0x000000008a400000| Untracked 
| 165|0x000000008a500000, 0x000000008a500000, 0x000000008a600000|  0%| F|  |TAMS 0x000000008a500000, 0x000000008a500000| Untracked 
| 166|0x000000008a600000, 0x000000008a600000, 0x000000008a700000|  0%| F|  |TAMS 0x000000008a600000, 0x000000008a600000| Untracked 
| 167|0x000000008a700000, 0x000000008a700000, 0x000000008a800000|  0%| F|  |TAMS 0x000000008a700000, 0x000000008a700000| Untracked 
| 168|0x000000008a800000, 0x000000008a800000, 0x000000008a900000|  0%| F|  |TAMS 0x000000008a800000, 0x000000008a800000| Untracked 
| 169|0x000000008a900000, 0x000000008a900000, 0x000000008aa00000|  0%| F|  |TAMS 0x000000008a900000, 0x000000008a900000| Untracked 
| 170|0x000000008aa00000, 0x000000008aa00000, 0x000000008ab00000|  0%| F|  |TAMS 0x000000008aa00000, 0x000000008aa00000| Untracked 
| 171|0x000000008ab00000, 0x000000008ab00000, 0x000000008ac00000|  0%| F|  |TAMS 0x000000008ab00000, 0x000000008ab00000| Untracked 
| 172|0x000000008ac00000, 0x000000008ac00000, 0x000000008ad00000|  0%| F|  |TAMS 0x000000008ac00000, 0x000000008ac00000| Untracked 
| 173|0x000000008ad00000, 0x000000008ade11a0, 0x000000008ae00000| 87%| E|  |TAMS 0x000000008ad00000, 0x000000008ad00000| Complete 
| 174|0x000000008ae00000, 0x000000008af00000, 0x000000008af00000|100%| E|CS|TAMS 0x000000008ae00000, 0x000000008ae00000| Complete 
| 175|0x000000008af00000, 0x000000008b000000, 0x000000008b000000|100%| E|CS|TAMS 0x000000008af00000, 0x000000008af00000| Complete 
| 176|0x000000008b000000, 0x000000008b100000, 0x000000008b100000|100%| E|CS|TAMS 0x000000008b000000, 0x000000008b000000| Complete 
| 177|0x000000008b100000, 0x000000008b200000, 0x000000008b200000|100%| S|CS|TAMS 0x000000008b100000, 0x000000008b100000| Complete 
| 178|0x000000008b200000, 0x000000008b300000, 0x000000008b300000|100%| S|CS|TAMS 0x000000008b200000, 0x000000008b200000| Complete 
| 179|0x000000008b300000, 0x000000008b400000, 0x000000008b400000|100%| S|CS|TAMS 0x000000008b300000, 0x000000008b300000| Complete 
| 180|0x000000008b400000, 0x000000008b500000, 0x000000008b500000|100%| S|CS|TAMS 0x000000008b400000, 0x000000008b400000| Complete 
| 181|0x000000008b500000, 0x000000008b600000, 0x000000008b600000|100%| S|CS|TAMS 0x000000008b500000, 0x000000008b500000| Complete 
| 182|0x000000008b600000, 0x000000008b700000, 0x000000008b700000|100%| S|CS|TAMS 0x000000008b600000, 0x000000008b600000| Complete 
| 183|0x000000008b700000, 0x000000008b800000, 0x000000008b800000|100%| S|CS|TAMS 0x000000008b700000, 0x000000008b700000| Complete 
| 184|0x000000008b800000, 0x000000008b900000, 0x000000008b900000|100%| E|CS|TAMS 0x000000008b800000, 0x000000008b800000| Complete 
| 185|0x000000008b900000, 0x000000008ba00000, 0x000000008ba00000|100%| E|CS|TAMS 0x000000008b900000, 0x000000008b900000| Complete 
| 186|0x000000008ba00000, 0x000000008bb00000, 0x000000008bb00000|100%| E|CS|TAMS 0x000000008ba00000, 0x000000008ba00000| Complete 
| 187|0x000000008bb00000, 0x000000008bc00000, 0x000000008bc00000|100%| E|  |TAMS 0x000000008bb00000, 0x000000008bb00000| Complete 
| 188|0x000000008bc00000, 0x000000008bd00000, 0x000000008bd00000|100%| E|CS|TAMS 0x000000008bc00000, 0x000000008bc00000| Complete 
| 189|0x000000008bd00000, 0x000000008be00000, 0x000000008be00000|100%| E|CS|TAMS 0x000000008bd00000, 0x000000008bd00000| Complete 
| 190|0x000000008be00000, 0x000000008bf00000, 0x000000008bf00000|100%| E|CS|TAMS 0x000000008be00000, 0x000000008be00000| Complete 
| 191|0x000000008bf00000, 0x000000008c000000, 0x000000008c000000|100%| E|CS|TAMS 0x000000008bf00000, 0x000000008bf00000| Complete 
| 192|0x000000008c000000, 0x000000008c100000, 0x000000008c100000|100%| E|CS|TAMS 0x000000008c000000, 0x000000008c000000| Complete 
| 255|0x000000008ff00000, 0x0000000090000000, 0x0000000090000000|100%| E|CS|TAMS 0x000000008ff00000, 0x000000008ff00000| Complete 

Card table byte_map: [0x000001eb778c0000,0x000001eb77cc0000] _byte_map_base: 0x000001eb774c0000

Marking Bits (Prev, Next): (CMBitMap*) 0x000001eb6dd82e90, (CMBitMap*) 0x000001eb6dd82ed0
 Prev Bits: [0x000001eb780c0000, 0x000001eb7a0c0000)
 Next Bits: [0x000001eb7a0c0000, 0x000001eb7c0c0000)

Polling page: 0x000001eb6de10000

Metaspace:

Usage:
  Non-class:     73.09 MB used.
      Class:     11.34 MB used.
       Both:     84.43 MB used.

Virtual space:
  Non-class space:       80.00 MB reserved,      73.44 MB ( 92%) committed,  10 nodes.
      Class space:        1.00 GB reserved,      11.62 MB (  1%) committed,  1 nodes.
              Both:        1.08 GB reserved,      85.06 MB (  8%) committed. 

Chunk freelists:
   Non-Class:  2.16 MB
       Class:  432.00 KB
        Both:  2.58 MB

MaxMetaspaceSize: 17179869184.00 GB
CompressedClassSpaceSize: 1.00 GB
 - commit_granule_bytes: 65536.
 - commit_granule_words: 8192.
 - virtual_space_node_default_size: 1048576.
 - enlarge_chunks_in_place: 1.
 - new_chunks_are_fully_committed: 0.
 - uncommit_free_chunks: 1.
 - use_allocation_guard: 0.
 - handle_deallocations: 1.


Internal statistics:

num_allocs_failed_limit: 9.
num_arena_births: 816.
num_arena_deaths: 10.
num_vsnodes_births: 11.
num_vsnodes_deaths: 0.
num_space_committed: 1361.
num_space_uncommitted: 0.
num_chunks_returned_to_freelist: 21.
num_chunks_taken_from_freelist: 4298.
num_chunk_merges: 15.
num_chunk_splits: 2860.
num_chunks_enlarged: 1943.
num_purges: 2.

CodeHeap 'non-profiled nmethods': size=120000Kb used=5388Kb max_used=6003Kb free=114611Kb
 bounds [0x000001eb07ad0000, 0x000001eb080b0000, 0x000001eb0f000000]
CodeHeap 'profiled nmethods': size=120000Kb used=18656Kb max_used=20701Kb free=101343Kb
 bounds [0x000001eb005a0000, 0x000001eb019e0000, 0x000001eb07ad0000]
CodeHeap 'non-nmethods': size=5760Kb used=2425Kb max_used=2494Kb free=3334Kb
 bounds [0x000001eb00000000, 0x000001eb00290000, 0x000001eb005a0000]
 total_blobs=11078 nmethods=10121 adapters=869
 compilation: enabled
              stopped_count=0, restarted_count=0
 full_count=0

Compilation events (20 events):
Event: 11.971 Thread 0x000001eb7e984d90 11773       3       com.android.tools.r8.internal.ZY0::a (434 bytes)
Event: 11.973 Thread 0x000001eb7e984d90 nmethod 11773 0x000001eb006c7b10 code [0x000001eb006c8060, 0x000001eb006ca578]
Event: 11.973 Thread 0x000001eb7e984d90 11745       3       com.android.tools.r8.graph.X0::<init> (59 bytes)
Event: 11.973 Thread 0x000001eb7e984d90 nmethod 11745 0x000001eb00968890 code [0x000001eb00968a60, 0x000001eb00968df8]
Event: 11.973 Thread 0x000001eb7e984d90 11776       1       com.android.tools.r8.internal.b51::getKey (5 bytes)
Event: 11.974 Thread 0x000001eb7e984d90 nmethod 11776 0x000001eb07ae4a10 code [0x000001eb07ae4ba0, 0x000001eb07ae4c78]
Event: 11.974 Thread 0x000001eb7e984d90 11777       1       com.android.tools.r8.internal.b51::getValue (5 bytes)
Event: 11.974 Thread 0x000001eb7e984d90 nmethod 11777 0x000001eb07b3d710 code [0x000001eb07b3d8a0, 0x000001eb07b3d978]
Event: 11.983 Thread 0x000001eb7e983340 nmethod 11760 0x000001eb07d58d90 code [0x000001eb07d58f40, 0x000001eb07d59798]
Event: 11.983 Thread 0x000001eb7e983340 11779   !   4       java.util.concurrent.ConcurrentHashMap::putVal (432 bytes)
Event: 11.987 Thread 0x000001eb11e7e230 nmethod 11768 0x000001eb07cb2410 code [0x000001eb07cb25c0, 0x000001eb07cb3c78]
Event: 11.987 Thread 0x000001eb11e7e230 11780  s    4       java.io.ByteArrayOutputStream::toByteArray (12 bytes)
Event: 11.989 Thread 0x000001eb11e7e230 nmethod 11780 0x000001eb07c68c90 code [0x000001eb07c68e20, 0x000001eb07c69298]
Event: 11.989 Thread 0x000001eb11e7e230 11781       4       com.android.tools.r8.graph.p0::a (54 bytes)
Event: 11.990 Thread 0x000001eb11e7e230 nmethod 11781 0x000001eb07b3d290 code [0x000001eb07b3d420, 0x000001eb07b3d528]
Event: 11.990 Thread 0x000001eb11e7e230 11782       4       com.android.tools.r8.dex.f::b (9 bytes)
Event: 11.990 Thread 0x000001eb11e7e230 nmethod 11782 0x000001eb07d9b790 code [0x000001eb07d9b920, 0x000001eb07d9ba58]
Event: 11.990 Thread 0x000001eb11e7e230 11783       4       java.util.concurrent.ConcurrentHashMap::addCount (280 bytes)
Event: 11.995 Thread 0x000001eb11e7e230 nmethod 11783 0x000001eb07d3ee90 code [0x000001eb07d3f060, 0x000001eb07d3f470]
Event: 11.995 Thread 0x000001eb11e7e230 11784       4       com.android.tools.r8.internal.p41::b (75 bytes)

GC Heap History (20 events):
Event: 8.678 GC heap before
{Heap before GC invocations=30 (full 0):
 garbage-first heap   total 141312K, used 108860K [0x0000000080000000, 0x0000000100000000)
  region size 1024K, 44 young (45056K), 4 survivors (4096K)
 Metaspace       used 69925K, committed 70528K, reserved 1114112K
  class space    used 9395K, committed 9664K, reserved 1048576K
}
Event: 8.683 GC heap after
{Heap after GC invocations=31 (full 0):
 garbage-first heap   total 141312K, used 70910K [0x0000000080000000, 0x0000000100000000)
  region size 1024K, 4 young (4096K), 4 survivors (4096K)
 Metaspace       used 69925K, committed 70528K, reserved 1114112K
  class space    used 9395K, committed 9664K, reserved 1048576K
}
Event: 8.684 GC heap before
{Heap before GC invocations=31 (full 0):
 garbage-first heap   total 141312K, used 70910K [0x0000000080000000, 0x0000000100000000)
  region size 1024K, 5 young (5120K), 4 survivors (4096K)
 Metaspace       used 69925K, committed 70528K, reserved 1114112K
  class space    used 9395K, committed 9664K, reserved 1048576K
}
Event: 8.687 GC heap after
{Heap after GC invocations=32 (full 0):
 garbage-first heap   total 169984K, used 71551K [0x0000000080000000, 0x0000000100000000)
  region size 1024K, 4 young (4096K), 4 survivors (4096K)
 Metaspace       used 69925K, committed 70528K, reserved 1114112K
  class space    used 9395K, committed 9664K, reserved 1048576K
}
Event: 8.706 GC heap before
{Heap before GC invocations=32 (full 0):
 garbage-first heap   total 169984K, used 78719K [0x0000000080000000, 0x0000000100000000)
  region size 1024K, 6 young (6144K), 4 survivors (4096K)
 Metaspace       used 69927K, committed 70528K, reserved 1114112K
  class space    used 9395K, committed 9664K, reserved 1048576K
}
Event: 8.709 GC heap after
{Heap after GC invocations=33 (full 0):
 garbage-first heap   total 169984K, used 71319K [0x0000000080000000, 0x0000000100000000)
  region size 1024K, 4 young (4096K), 4 survivors (4096K)
 Metaspace       used 69927K, committed 70528K, reserved 1114112K
  class space    used 9395K, committed 9664K, reserved 1048576K
}
Event: 9.410 GC heap before
{Heap before GC invocations=33 (full 0):
 garbage-first heap   total 169984K, used 137879K [0x0000000080000000, 0x0000000100000000)
  region size 1024K, 67 young (68608K), 4 survivors (4096K)
 Metaspace       used 74045K, committed 74624K, reserved 1114112K
  class space    used 10047K, committed 10304K, reserved 1048576K
}
Event: 9.415 GC heap after
{Heap after GC invocations=34 (full 0):
 garbage-first heap   total 169984K, used 76136K [0x0000000080000000, 0x0000000100000000)
  region size 1024K, 8 young (8192K), 8 survivors (8192K)
 Metaspace       used 74045K, committed 74624K, reserved 1114112K
  class space    used 10047K, committed 10304K, reserved 1048576K
}
Event: 9.754 GC heap before
{Heap before GC invocations=34 (full 0):
 garbage-first heap   total 169984K, used 135528K [0x0000000080000000, 0x0000000100000000)
  region size 1024K, 67 young (68608K), 8 survivors (8192K)
 Metaspace       used 74605K, committed 75136K, reserved 1114112K
  class space    used 10065K, committed 10304K, reserved 1048576K
}
Event: 9.760 GC heap after
{Heap after GC invocations=35 (full 0):
 garbage-first heap   total 169984K, used 80443K [0x0000000080000000, 0x0000000100000000)
  region size 1024K, 5 young (5120K), 5 survivors (5120K)
 Metaspace       used 74605K, committed 75136K, reserved 1114112K
  class space    used 10065K, committed 10304K, reserved 1048576K
}
Event: 9.995 GC heap before
{Heap before GC invocations=35 (full 0):
 garbage-first heap   total 169984K, used 135739K [0x0000000080000000, 0x0000000100000000)
  region size 1024K, 60 young (61440K), 5 survivors (5120K)
 Metaspace       used 75082K, committed 75648K, reserved 1122304K
  class space    used 10105K, committed 10368K, reserved 1048576K
}
Event: 10.001 GC heap after
{Heap after GC invocations=36 (full 0):
 garbage-first heap   total 169984K, used 84188K [0x0000000080000000, 0x0000000100000000)
  region size 1024K, 4 young (4096K), 4 survivors (4096K)
 Metaspace       used 75082K, committed 75648K, reserved 1122304K
  class space    used 10105K, committed 10368K, reserved 1048576K
}
Event: 10.556 GC heap before
{Heap before GC invocations=37 (full 0):
 garbage-first heap   total 169984K, used 137436K [0x0000000080000000, 0x0000000100000000)
  region size 1024K, 57 young (58368K), 4 survivors (4096K)
 Metaspace       used 79968K, committed 80512K, reserved 1122304K
  class space    used 10741K, committed 11008K, reserved 1048576K
}
Event: 10.560 GC heap after
{Heap after GC invocations=38 (full 0):
 garbage-first heap   total 169984K, used 88125K [0x0000000080000000, 0x0000000100000000)
  region size 1024K, 8 young (8192K), 8 survivors (8192K)
 Metaspace       used 79968K, committed 80512K, reserved 1122304K
  class space    used 10741K, committed 11008K, reserved 1048576K
}
Event: 11.457 GC heap before
{Heap before GC invocations=38 (full 0):
 garbage-first heap   total 169984K, used 138301K [0x0000000080000000, 0x0000000100000000)
  region size 1024K, 58 young (59392K), 8 survivors (8192K)
 Metaspace       used 82734K, committed 83328K, reserved 1122304K
  class space    used 11133K, committed 11392K, reserved 1048576K
}
Event: 11.462 GC heap after
{Heap after GC invocations=39 (full 0):
 garbage-first heap   total 169984K, used 91897K [0x0000000080000000, 0x0000000100000000)
  region size 1024K, 8 young (8192K), 8 survivors (8192K)
 Metaspace       used 82734K, committed 83328K, reserved 1122304K
  class space    used 11133K, committed 11392K, reserved 1048576K
}
Event: 11.729 GC heap before
{Heap before GC invocations=40 (full 0):
 garbage-first heap   total 169984K, used 136953K [0x0000000080000000, 0x0000000100000000)
  region size 1024K, 54 young (55296K), 8 survivors (8192K)
 Metaspace       used 83764K, committed 84352K, reserved 1122304K
  class space    used 11214K, committed 11456K, reserved 1048576K
}
Event: 11.736 GC heap after
{Heap after GC invocations=41 (full 0):
 garbage-first heap   total 169984K, used 94685K [0x0000000080000000, 0x0000000100000000)
  region size 1024K, 4 young (4096K), 4 survivors (4096K)
 Metaspace       used 83764K, committed 84352K, reserved 1122304K
  class space    used 11214K, committed 11456K, reserved 1048576K
}
Event: 11.934 GC heap before
{Heap before GC invocations=42 (full 0):
 garbage-first heap   total 198656K, used 123357K [0x0000000080000000, 0x0000000100000000)
  region size 1024K, 23 young (23552K), 4 survivors (4096K)
 Metaspace       used 86280K, committed 86848K, reserved 1130496K
  class space    used 11590K, committed 11840K, reserved 1048576K
}
Event: 11.938 GC heap after
{Heap after GC invocations=43 (full 0):
 garbage-first heap   total 198656K, used 111042K [0x0000000080000000, 0x0000000100000000)
  region size 1024K, 7 young (7168K), 7 survivors (7168K)
 Metaspace       used 86280K, committed 86848K, reserved 1130496K
  class space    used 11590K, committed 11840K, reserved 1048576K
}

Deoptimization events (20 events):
Event: 11.933 Thread 0x000001eb1011eb40 DEOPT PACKING pc=0x000001eb07b08fc0 sp=0x000000341b0fd9b0
Event: 11.933 Thread 0x000001eb1011eb40 DEOPT UNPACKING pc=0x000001eb0004d72e sp=0x000000341b0fd748 mode 2
Event: 11.956 Thread 0x000001eb1011eb40 DEOPT PACKING pc=0x000001eb017ce942 sp=0x000000341b0fd760
Event: 11.956 Thread 0x000001eb1011eb40 DEOPT UNPACKING pc=0x000001eb0004dece sp=0x000000341b0fcc70 mode 0
Event: 11.958 Thread 0x000001eb1011eb40 DEOPT PACKING pc=0x000001eb01971c7e sp=0x000000341b0fd800
Event: 11.958 Thread 0x000001eb1011eb40 DEOPT UNPACKING pc=0x000001eb0004dece sp=0x000000341b0fcc70 mode 0
Event: 11.958 Thread 0x000001eb1011eb40 DEOPT PACKING pc=0x000001eb017ce921 sp=0x000000341b0fd760
Event: 11.958 Thread 0x000001eb1011eb40 DEOPT UNPACKING pc=0x000001eb0004dece sp=0x000000341b0fcc70 mode 0
Event: 11.961 Thread 0x000001eb1011eb40 DEOPT PACKING pc=0x000001eb017ce942 sp=0x000000341b0fd710
Event: 11.961 Thread 0x000001eb1011eb40 DEOPT UNPACKING pc=0x000001eb0004dece sp=0x000000341b0fcc20 mode 0
Event: 11.962 Thread 0x000001eb1011eb40 DEOPT PACKING pc=0x000001eb01971c7e sp=0x000000341b0fd780
Event: 11.962 Thread 0x000001eb1011eb40 DEOPT UNPACKING pc=0x000001eb0004dece sp=0x000000341b0fcbf0 mode 0
Event: 11.963 Thread 0x000001eb1011eb40 DEOPT PACKING pc=0x000001eb017ce942 sp=0x000000341b0fd770
Event: 11.963 Thread 0x000001eb1011eb40 DEOPT UNPACKING pc=0x000001eb0004dece sp=0x000000341b0fcc80 mode 0
Event: 11.966 Thread 0x000001eb1011eb40 DEOPT PACKING pc=0x000001eb01971c7e sp=0x000000341b0fd8b0
Event: 11.966 Thread 0x000001eb1011eb40 DEOPT UNPACKING pc=0x000001eb0004dece sp=0x000000341b0fcd20 mode 0
Event: 11.973 Thread 0x000001eb1011eb40 DEOPT PACKING pc=0x000001eb017ce921 sp=0x000000341b0fd710
Event: 11.973 Thread 0x000001eb1011eb40 DEOPT UNPACKING pc=0x000001eb0004dece sp=0x000000341b0fcc20 mode 0
Event: 11.984 Thread 0x000001eb1011eb40 DEOPT PACKING pc=0x000001eb017ce921 sp=0x000000341b0fd710
Event: 11.984 Thread 0x000001eb1011eb40 DEOPT UNPACKING pc=0x000001eb0004dece sp=0x000000341b0fcc20 mode 0

Classes unloaded (5 events):
Event: 10.046 Thread 0x000001eb7e95c690 Unloading class 0x00000008015f5400 'java/lang/invoke/LambdaForm$DMH+0x00000008015f5400'
Event: 10.046 Thread 0x000001eb7e95c690 Unloading class 0x00000008015f5000 'java/lang/invoke/LambdaForm$DMH+0x00000008015f5000'
Event: 10.046 Thread 0x000001eb7e95c690 Unloading class 0x00000008015f4c00 'java/lang/invoke/LambdaForm$DMH+0x00000008015f4c00'
Event: 10.046 Thread 0x000001eb7e95c690 Unloading class 0x00000008015f4800 'java/lang/invoke/LambdaForm$DMH+0x00000008015f4800'
Event: 10.046 Thread 0x000001eb7e95c690 Unloading class 0x00000008015f4400 'java/lang/invoke/LambdaForm$DMH+0x00000008015f4400'

Classes redefined (0 events):
No events

Internal exceptions (20 events):
Event: 11.212 Thread 0x000001eb10123050 Exception <a 'java/net/ConnectException'{0x0000000088ffa810}: Connection refused: connect> (0x0000000088ffa810) 
thrown [t:\workspace\open\src\hotspot\share\prims\jni.cpp, line 600]
Event: 11.212 Thread 0x000001eb10123050 Exception <a 'java/net/SocketException'{0x0000000088ffb890}: Socket is not connected: shutdown> (0x0000000088ffb890) 
thrown [t:\workspace\open\src\hotspot\share\prims\jni.cpp, line 600]
Event: 11.226 Thread 0x000001eb10123050 Exception <a 'java/net/ConnectException'{0x0000000088ffce08}: Connection refused: connect> (0x0000000088ffce08) 
thrown [t:\workspace\open\src\hotspot\share\prims\jni.cpp, line 600]
Event: 11.226 Thread 0x000001eb10123050 Exception <a 'java/net/SocketException'{0x0000000088ffde88}: Socket is not connected: shutdown> (0x0000000088ffde88) 
thrown [t:\workspace\open\src\hotspot\share\prims\jni.cpp, line 600]
Event: 11.228 Thread 0x000001eb10123050 Exception <a 'java/net/ConnectException'{0x0000000088e19288}: Connection refused: connect> (0x0000000088e19288) 
thrown [t:\workspace\open\src\hotspot\share\prims\jni.cpp, line 600]
Event: 11.228 Thread 0x000001eb10123050 Exception <a 'java/net/SocketException'{0x0000000088e1a308}: Socket is not connected: shutdown> (0x0000000088e1a308) 
thrown [t:\workspace\open\src\hotspot\share\prims\jni.cpp, line 600]
Event: 11.242 Thread 0x000001eb10123050 Exception <a 'java/net/ConnectException'{0x0000000088e1b880}: Connection refused: connect> (0x0000000088e1b880) 
thrown [t:\workspace\open\src\hotspot\share\prims\jni.cpp, line 600]
Event: 11.242 Thread 0x000001eb10123050 Exception <a 'java/net/SocketException'{0x0000000088e1c900}: Socket is not connected: shutdown> (0x0000000088e1c900) 
thrown [t:\workspace\open\src\hotspot\share\prims\jni.cpp, line 600]
Event: 11.258 Thread 0x000001eb10123050 Exception <a 'java/net/ConnectException'{0x0000000088e1de78}: Connection refused: connect> (0x0000000088e1de78) 
thrown [t:\workspace\open\src\hotspot\share\prims\jni.cpp, line 600]
Event: 11.258 Thread 0x000001eb10123050 Exception <a 'java/net/SocketException'{0x0000000088e1eef8}: Socket is not connected: shutdown> (0x0000000088e1eef8) 
thrown [t:\workspace\open\src\hotspot\share\prims\jni.cpp, line 600]
Event: 11.315 Thread 0x000001eb1011db50 Implicit null exception at 0x000001eb07c59460 to 0x000001eb07c594fc
Event: 11.353 Thread 0x000001eb10123050 Exception <a 'java/lang/reflect/InvocationTargetException'{0x0000000088d1e248}> (0x0000000088d1e248) 
thrown [t:\workspace\open\src\hotspot\share\runtime\reflection.cpp, line 1157]
Event: 11.357 Thread 0x000001eb0ff49f90 Implicit null exception at 0x000001eb07b3e1f2 to 0x000001eb07b3e87c
Event: 11.360 Thread 0x000001eb10123050 Exception <a 'java/lang/NoSuchMethodError'{0x0000000088d54bf0}: 'void java.lang.invoke.DirectMethodHandle$Holder.invokeStatic(java.lang.Object, java.lang.Object, java.lang.Object, java.lang.Object, java.lang.Object, java.lang.Object, java.lang.Object)'> (0x0000000088d54bf0) 
thrown [t:\workspace\open\src\hotspot\share\interpreter\linkResolver.cpp, line 790]
Event: 11.373 Thread 0x000001eb0fde0fb0 Exception <a 'java/lang/NoSuchMethodError'{0x0000000088bf3ae8}: static Lorg/gradle/internal/build/event/types/DefaultTaskFailureResult;.<clinit>()V> (0x0000000088bf3ae8) 
thrown [t:\workspace\open\src\hotspot\share\prims\jni.cpp, line 1210]
Event: 11.375 Thread 0x000001eb0fde0fb0 Exception <a 'java/lang/NoSuchMethodError'{0x0000000088a15850}: static [Ljava/lang/Object;.<clinit>()V> (0x0000000088a15850) 
thrown [t:\workspace\open\src\hotspot\share\prims\jni.cpp, line 1210]
Event: 11.375 Thread 0x000001eb0fde0fb0 Exception <a 'java/lang/NoSuchMethodError'{0x0000000088a27408}: static Lorg/gradle/internal/build/event/types/DefaultFailure;.<clinit>()V> (0x0000000088a27408) 
thrown [t:\workspace\open\src\hotspot\share\prims\jni.cpp, line 1210]
Event: 11.471 Thread 0x000001eb1228f5e0 Implicit null exception at 0x000001eb08078a92 to 0x000001eb08079230
Event: 11.823 Thread 0x000001eb1011eb40 Exception <a 'sun/nio/fs/WindowsException'{0x000000008bf14390}> (0x000000008bf14390) 
thrown [t:\workspace\open\src\hotspot\share\prims\jni.cpp, line 579]
Event: 11.929 Thread 0x000001eb1011eb40 Exception <a 'java/lang/NoSuchMethodError'{0x000000008b839740}: 'java.lang.Object java.lang.invoke.DirectMethodHandle$Holder.invokeStaticInit(java.lang.Object, java.lang.Object, java.lang.Object, java.lang.Object, java.lang.Object, java.lang.Object, java.lang.Object, java.lang.Object, java.lang.Object, java.lang.Object, java.lang.Object, java.lang.Object, java.lang.Object, java.lang.Object, java.lang.Object, java.lang.Object, java.lang.Object, java.lang.Object, int, java.lang.Object, java.lang.Object)'> (0

Events (20 events):
Event: 11.854 Thread 0x000001eb7e99aae0 flushing nmethod 0x000001eb017e8690
Event: 11.854 Thread 0x000001eb7e99aae0 flushing nmethod 0x000001eb017edf10
Event: 11.854 Thread 0x000001eb7e99aae0 flushing nmethod 0x000001eb01809c10
Event: 11.855 Thread 0x000001eb7e99aae0 flushing nmethod 0x000001eb01922290
Event: 11.855 Thread 0x000001eb7e99aae0 flushing nmethod 0x000001eb01947f90
Event: 11.855 Thread 0x000001eb7e99aae0 flushing nmethod 0x000001eb01948f10
Event: 11.855 Thread 0x000001eb7e99aae0 flushing nmethod 0x000001eb0194b110
Event: 11.855 Thread 0x000001eb7e99aae0 flushing nmethod 0x000001eb0194b590
Event: 11.855 Thread 0x000001eb7e99aae0 flushing nmethod 0x000001eb0194d090
Event: 11.855 Thread 0x000001eb7e99aae0 flushing nmethod 0x000001eb0194dd10
Event: 11.855 Thread 0x000001eb7e99aae0 flushing nmethod 0x000001eb0195ff10
Event: 11.855 Thread 0x000001eb7e99aae0 flushing nmethod 0x000001eb01960c90
Event: 11.855 Thread 0x000001eb7e99aae0 flushing nmethod 0x000001eb01998d10
Event: 11.860 loading class java/io/UTFDataFormatException
Event: 11.860 loading class java/io/UTFDataFormatException done
Event: 11.921 loading class java/nio/BufferUnderflowException
Event: 11.921 loading class java/nio/BufferUnderflowException done
Event: 11.934 Executing  VM operation: G1TryInitiateConcMark
Event: 11.938 Executing  VM operation: G1TryInitiateConcMark done
Event: 11.997 Executing  VM operation: G1Concurrent


Dynamic libraries:
0x00007ff67e380000 - 0x00007ff67e390000 	C:\Program Files\Java\jdk-16\bin\java.exe
0x00007ffa81410000 - 0x00007ffa81606000 	C:\Windows\SYSTEM32\ntdll.dll
0x00007ffa4d690000 - 0x00007ffa4d6a6000 	C:\Program Files\Avast Software\Avast\aswhook.dll
0x00007ffa7f810000 - 0x00007ffa7f8cd000 	C:\Windows\System32\KERNEL32.DLL
0x00007ffa7ee50000 - 0x00007ffa7f118000 	C:\Windows\System32\KERNELBASE.dll
0x00007ffa7c440000 - 0x00007ffa7c4d0000 	C:\Windows\SYSTEM32\apphelp.dll
0x00007ffa7f220000 - 0x00007ffa7f320000 	C:\Windows\System32\ucrtbase.dll
0x00007ffa7a6e0000 - 0x00007ffa7a6f8000 	C:\Program Files\Java\jdk-16\bin\jli.dll
0x00007ffa810c0000 - 0x00007ffa8116a000 	C:\Windows\System32\ADVAPI32.dll
0x00007ffa80310000 - 0x00007ffa803ae000 	C:\Windows\System32\msvcrt.dll
0x00007ffa80460000 - 0x00007ffa804fb000 	C:\Windows\System32\sechost.dll
0x00007ffa80670000 - 0x00007ffa80794000 	C:\Windows\System32\RPCRT4.dll
0x00007ffa7a6c0000 - 0x00007ffa7a6d9000 	C:\Program Files\Java\jdk-16\bin\VCRUNTIME140.dll
0x00007ffa7f610000 - 0x00007ffa7f7b0000 	C:\Windows\System32\USER32.dll
0x00007ffa7f120000 - 0x00007ffa7f142000 	C:\Windows\System32\win32u.dll
0x00007ffa6ba60000 - 0x00007ffa6bcfb000 	C:\Windows\WinSxS\amd64_microsoft.windows.common-controls_6595b64144ccf1df_6.0.19041.488_none_ca04af081b815d21\COMCTL32.dll
0x00007ffa80010000 - 0x00007ffa8003a000 	C:\Windows\System32\GDI32.dll
0x00007ffa7f320000 - 0x00007ffa7f429000 	C:\Windows\System32\gdi32full.dll
0x00007ffa7f150000 - 0x00007ffa7f1ed000 	C:\Windows\System32\msvcp_win.dll
0x00007ffa77ea0000 - 0x00007ffa77eaa000 	C:\Windows\SYSTEM32\VERSION.dll
0x00007ffa800d0000 - 0x00007ffa80100000 	C:\Windows\System32\IMM32.DLL
0x00007ffa74670000 - 0x00007ffa7467c000 	C:\Program Files\Java\jdk-16\bin\vcruntime140_1.dll
0x00007ffa592f0000 - 0x00007ffa59381000 	C:\Program Files\Java\jdk-16\bin\msvcp140.dll
0x00007ffa27d50000 - 0x00007ffa288fb000 	C:\Program Files\Java\jdk-16\bin\server\jvm.dll
0x00007ffa80040000 - 0x00007ffa80048000 	C:\Windows\System32\PSAPI.DLL
0x00007ffa72590000 - 0x00007ffa72599000 	C:\Windows\SYSTEM32\WSOCK32.dll
0x00007ffa74890000 - 0x00007ffa748b7000 	C:\Windows\SYSTEM32\WINMM.dll
0x00007ffa80110000 - 0x00007ffa8017b000 	C:\Windows\System32\WS2_32.dll
0x00007ffa7ca90000 - 0x00007ffa7caa2000 	C:\Windows\SYSTEM32\kernel.appcore.dll
0x00007ffa74660000 - 0x00007ffa7466a000 	C:\Program Files\Java\jdk-16\bin\jimage.dll
0x00007ffa728b0000 - 0x00007ffa72a94000 	C:\Windows\SYSTEM32\DBGHELP.DLL
0x00007ffa725c0000 - 0x00007ffa725ec000 	C:\Windows\SYSTEM32\dbgcore.DLL
0x00007ffa7edd0000 - 0x00007ffa7ee4f000 	C:\Windows\System32\bcryptPrimitives.dll
0x00007ffa64380000 - 0x00007ffa643a5000 	C:\Program Files\Java\jdk-16\bin\java.dll
0x00007ffa7f8d0000 - 0x00007ffa80010000 	C:\Windows\System32\SHELL32.dll
0x00007ffa7cc90000 - 0x00007ffa7d424000 	C:\Windows\SYSTEM32\windows.storage.dll
0x00007ffa80820000 - 0x00007ffa80b75000 	C:\Windows\System32\combase.dll
0x00007ffa7e500000 - 0x00007ffa7e52c000 	C:\Windows\SYSTEM32\Wldp.dll
0x00007ffa81170000 - 0x00007ffa8121e000 	C:\Windows\System32\SHCORE.dll
0x00007ffa7f7b0000 - 0x00007ffa7f805000 	C:\Windows\System32\shlwapi.dll
0x00007ffa7ea90000 - 0x00007ffa7eab6000 	C:\Windows\SYSTEM32\profapi.dll
0x00007ffa641f0000 - 0x00007ffa64209000 	C:\Program Files\Java\jdk-16\bin\net.dll
0x00007ffa78770000 - 0x00007ffa78870000 	C:\Windows\SYSTEM32\WINHTTP.dll
0x00007ffa7e2f0000 - 0x00007ffa7e35a000 	C:\Windows\system32\mswsock.dll
0x00007ffa64170000 - 0x00007ffa64183000 	C:\Program Files\Java\jdk-16\bin\nio.dll
0x00007ffa63560000 - 0x00007ffa63578000 	C:\Program Files\Java\jdk-16\bin\zip.dll
0x00007ffa68060000 - 0x00007ffa68070000 	C:\Program Files\Java\jdk-16\bin\verify.dll
0x00007ffa6b3b0000 - 0x00007ffa6b3d7000 	C:\Users\alexp\.gradle\native\e1d6ef7f7dcc3fd88c89a11ec53ec762bb8ba0a96d01ffa2cd45eb1d1d8dd5c5\windows-amd64\native-platform.dll
0x00007ffa63c90000 - 0x00007ffa63dd4000 	C:\Users\alexp\.gradle\native\5664cfc778a61ccfe75a443a1ab52a65af34e5dc3c78e0209fed803814484fcb\windows-amd64\native-platform-file-events.dll
0x00007ffa65210000 - 0x00007ffa65219000 	C:\Program Files\Java\jdk-16\bin\management.dll
0x00007ffa64650000 - 0x00007ffa6465b000 	C:\Program Files\Java\jdk-16\bin\management_ext.dll
0x00007ffa7e830000 - 0x00007ffa7e848000 	C:\Windows\SYSTEM32\CRYPTSP.dll
0x00007ffa7dc30000 - 0x00007ffa7dc64000 	C:\Windows\system32\rsaenh.dll
0x00007ffa7f1f0000 - 0x00007ffa7f217000 	C:\Windows\System32\bcrypt.dll
0x00007ffa7ea10000 - 0x00007ffa7ea3e000 	C:\Windows\SYSTEM32\USERENV.dll
0x00007ffa7e470000 - 0x00007ffa7e47c000 	C:\Windows\SYSTEM32\CRYPTBASE.dll
0x00007ffa7dfb0000 - 0x00007ffa7dfeb000 	C:\Windows\SYSTEM32\IPHLPAPI.DLL
0x00007ffa7f480000 - 0x00007ffa7f489000 	C:\Windows\System32\NSI.dll
0x00007ffa78bd0000 - 0x00007ffa78be7000 	C:\Windows\SYSTEM32\dhcpcsvc6.DLL
0x00007ffa785f0000 - 0x00007ffa7860d000 	C:\Windows\SYSTEM32\dhcpcsvc.DLL
0x00007ffa7dff0000 - 0x00007ffa7e0bb000 	C:\Windows\SYSTEM32\DNSAPI.dll
0x00007ffa63550000 - 0x00007ffa6355e000 	C:\Program Files\Java\jdk-16\bin\sunmscapi.dll
0x00007ffa7ebc0000 - 0x00007ffa7ed1d000 	C:\Windows\System32\CRYPT32.dll
0x00007ffa7e570000 - 0x00007ffa7e597000 	C:\Windows\SYSTEM32\ncrypt.dll
0x00007ffa7e530000 - 0x00007ffa7e56b000 	C:\Windows\SYSTEM32\NTASN1.dll
0x00007ffa655f0000 - 0x00007ffa655f7000 	C:\Windows\system32\wshunix.dll
0x00007ffa58070000 - 0x00007ffa5808e000 	C:\Users\alexp\AppData\Local\Temp\native-platform13089507355549492896dir\native-platform.dll

dbghelp: loaded successfully - version: 4.0.5 - missing functions: none
symbol engine: initialized successfully - sym options: 0x614 - pdb path: .;C:\Program Files\Java\jdk-16\bin;C:\Windows\SYSTEM32;C:\Program Files\Avast Software\Avast;C:\Windows\WinSxS\amd64_microsoft.windows.common-controls_6595b64144ccf1df_6.0.19041.488_none_ca04af081b815d21;C:\Program Files\Java\jdk-16\bin\server;C:\Users\alexp\.gradle\native\e1d6ef7f7dcc3fd88c89a11ec53ec762bb8ba0a96d01ffa2cd45eb1d1d8dd5c5\windows-amd64;C:\Users\alexp\.gradle\native\5664cfc778a61ccfe75a443a1ab52a65af34e5dc3c78e0209fed803814484fcb\windows-amd64;C:\Users\alexp\AppData\Local\Temp\native-platform13089507355549492896dir

VM Arguments:
jvm_args: --add-opens=java.base/java.util=ALL-UNNAMED --add-opens=java.base/java.lang=ALL-UNNAMED --add-opens=java.base/java.lang.invoke=ALL-UNNAMED --add-opens=java.base/java.util=ALL-UNNAMED --add-opens=java.prefs/java.util.prefs=ALL-UNNAMED --add-opens=java.prefs/java.util.prefs=ALL-UNNAMED --add-opens=java.base/java.nio.charset=ALL-UNNAMED --add-opens=java.base/java.net=ALL-UNNAMED --add-opens=java.base/java.util.concurrent.atomic=ALL-UNNAMED -Xmx2048m -Dfile.encoding=UTF-8 -Duser.country=RU -Duser.language=ru -Duser.variant 
java_command: org.gradle.launcher.daemon.bootstrap.GradleDaemon 7.2
java_class_path (initial): C:\Users\alexp\.gradle\wrapper\dists\gradle-7.2-bin\2dnblmf4td7x66yl1d74lt32g\gradle-7.2\lib\gradle-launcher-7.2.jar
Launcher Type: SUN_STANDARD

[Global flags]
     intx CICompilerCount                          = 3                                         {product} {ergonomic}
     uint ConcGCThreads                            = 2                                         {product} {ergonomic}
     uint G1ConcRefinementThreads                  = 6                                         {product} {ergonomic}
   size_t G1HeapRegionSize                         = 1048576                                   {product} {ergonomic}
    uintx GCDrainStackTargetSize                   = 64                                        {product} {ergonomic}
   size_t InitialHeapSize                          = 268435456                                 {product} {ergonomic}
   size_t MarkStackSize                            = 4194304                                   {product} {ergonomic}
   size_t MaxHeapSize                              = 2147483648                                {product} {command line}
   size_t MaxNewSize                               = 1287651328                                {product} {ergonomic}
   size_t MinHeapDeltaBytes                        = 1048576                                   {product} {ergonomic}
   size_t MinHeapSize                              = 8388608                                   {product} {ergonomic}
    uintx NonNMethodCodeHeapSize                   = 5832780                                {pd product} {ergonomic}
    uintx NonProfiledCodeHeapSize                  = 122912730                              {pd product} {ergonomic}
    uintx ProfiledCodeHeapSize                     = 122912730                              {pd product} {ergonomic}
    uintx ReservedCodeCacheSize                    = 251658240                              {pd product} {ergonomic}
     bool SegmentedCodeCache                       = true                                      {product} {ergonomic}
   size_t SoftMaxHeapSize                          = 2147483648                             {manageable} {ergonomic}
     bool UseCompressedClassPointers               = true                           {product lp64_product} {ergonomic}
     bool UseCompressedOops                        = true                           {product lp64_product} {ergonomic}
     bool UseG1GC                                  = true                                      {product} {ergonomic}
     bool UseLargePagesIndividualAllocation        = false                                  {pd product} {ergonomic}

Logging:
Log output configuration:
 #0: stdout all=warning uptime,level,tags
 #1: stderr all=off uptime,level,tags

Environment Variables:
PATH=C:\Program Files\Common Files\Oracle\Java\javapath;C:\Windows\system32;C:\Windows;C:\Windows\System32\Wbem;C:\Windows\System32\WindowsPowerShell\v1.0\;C:\Windows\System32\OpenSSH\;C:\Program Files\Microsoft SQL Server\120\Tools\Binn\;C:\Program Files (x86)\Intel\Intel(R) Management Engine Components\DAL;C:\Program Files\Intel\Intel(R) Management Engine Components\DAL;C:\Program Files\Microsoft SQL Server\110\Tools\Binn\;C:\Program Files\Common Files\Autodesk Shared\;C:\Program Files\Microsoft SQL Server\Client SDK\ODBC\110\Tools\Binn\;C:\Program Files (x86)\Microsoft SQL Server\120\Tools\Binn\;C:\Program Files\Microsoft SQL Server\120\DTS\Binn\;C:\Program Files (x86)\Windows Kits\8.1\Windows Performance Toolkit\;C:\Git\cmd;C:\Users\alexp\AppData\Local\Microsoft\WindowsApps;C:\Users\alexp\AppData\Local\Programs\Microsoft VS Code\bin;C:\Git\bin;
USERNAME=alexp
OS=Windows_NT
PROCESSOR_IDENTIFIER=Intel64 Family 6 Model 158 Stepping 10, GenuineIntel



---------------  S Y S T E M  ---------------

OS:
 Windows 10 , 64 bit Build 19041 (10.0.19041.546)
OS uptime: 0 days 11:45 hours
Hyper-V role detected

CPU: total 6 (initial active 6) (6 cores per cpu, 1 threads per core) family 6 model 158 stepping 10 microcode 0xb4, cx8, cmov, fxsr, mmx, 3dnowpref, sse, sse2, sse3, ssse3, sse4.1, sse4.2, popcnt, lzcnt, tsc, tscinvbit, avx, avx2, aes, erms, clmul, bmi1, bmi2, adx, fma, vzeroupper, clflush, clflushopt, hv

Memory: 4k page, system-wide physical 16328M (1420M free)
TotalPageFile size 18376M (AvailPageFile size 33M)
current process WorkingSet (physical memory assigned to process): 445M, peak: 445M
current process commit charge ("private bytes"): 493M, peak: 543M

vm_info: Java HotSpot(TM) 64-Bit Server VM (16+36-2231) for windows-amd64 JRE (16+36-2231), built on Feb  8 2021 11:43:10 by "mach5one" with MS VC++ 16.7 (VS2019)

END.
