#
# There is insufficient memory for the Java Runtime Environment to continue.
# Native memory allocation (mmap) failed to map 268435456 bytes for G1 virtual space
# Possible reasons:
#   The system is out of physical RAM or swap space
#   The process is running with CompressedOops enabled, and the Java Heap may be blocking the growth of the native heap
# Possible solutions:
#   Reduce memory load on the system
#   Increase physical memory or swap space
#   Check if swap backing store is full
#   Decrease Java heap size (-Xmx/-Xms)
#   Decrease number of Java threads
#   Decrease Java thread stack sizes (-Xss)
#   Set larger code cache with -XX:ReservedCodeCacheSize=
#   JVM is running with Zero Based Compressed Oops mode in which the Java heap is
#     placed in the first 32GB address space. The Java Heap base address is the
#     maximum limit for the native heap growth. Please use -XX:HeapBaseMinAddress
#     to set the Java Heap base and to place the Java Heap above 32GB virtual address.
# This output file may be truncated or incomplete.
#
#  Out of Memory Error (os_windows.cpp:3466), pid=1896, tid=8828
#
# JRE version:  (16.0+36) (build )
# Java VM: Java HotSpot(TM) 64-Bit Server VM (16+36-2231, mixed mode, sharing, tiered, compressed oops, g1 gc, windows-amd64)
# No core dump will be written. Minidumps are not enabled by default on client versions of Windows
#

---------------  S U M M A R Y ------------

Command Line: org.jetbrains.kotlin.cli.jvm.K2JVMCompiler @C:\Users\alexp\OneDrive\Android\StarWarsUniverse\app\build\20220130_2525849280930700307.compiler.options

Host: Intel(R) Core(TM) i5-9400F CPU @ 2.90GHz, 6 cores, 15G,  Windows 10 , 64 bit Build 19041 (10.0.19041.546)
Time: Sun Jan 30 23:49:52 2022  Windows 10 , 64 bit Build 19041 (10.0.19041.546) elapsed time: 0.010202 seconds (0d 0h 0m 0s)

---------------  T H R E A D  ---------------

Current thread (0x0000020a22742640):  JavaThread "Unknown thread" [_thread_in_vm, id=8828, stack(0x000000abc7000000,0x000000abc7100000)]

Stack: [0x000000abc7000000,0x000000abc7100000]
Native frames: (J=compiled Java code, j=interpreted, Vv=VM code, C=native code)
V  [jvm.dll+0x6681da]
V  [jvm.dll+0x7c9d99]
V  [jvm.dll+0x7cb4d3]
V  [jvm.dll+0x7cbb33]
V  [jvm.dll+0x242ee5]
V  [jvm.dll+0x664f99]
V  [jvm.dll+0x659b85]
V  [jvm.dll+0x2fbfcb]
V  [jvm.dll+0x3031c6]
V  [jvm.dll+0x352a0e]
V  [jvm.dll+0x352c3f]
V  [jvm.dll+0x2d3038]
V  [jvm.dll+0x2d4274]
V  [jvm.dll+0x79c691]
V  [jvm.dll+0x3607b1]
V  [jvm.dll+0x77a370]
V  [jvm.dll+0x3e501f]
V  [jvm.dll+0x3e6af1]
C  [jli.dll+0x52fb]
C  [ucrtbase.dll+0x214c2]
C  [KERNEL32.DLL+0x17034]
C  [ntdll.dll+0x4cec1]


---------------  P R O C E S S  ---------------

Threads class SMR info:
_java_thread_list=0x00007ffa2885cbb8, length=0, elements={
}

Java Threads: ( => current thread )

Other Threads:
  0x0000020a22792350 GCTaskThread "GC Thread#0" [stack: 0x000000abc7100000,0x000000abc7200000] [id=14728]
  0x0000020a227a44b0 ConcurrentGCThread "G1 Main Marker" [stack: 0x000000abc7200000,0x000000abc7300000] [id=14600]
  0x0000020a227a5740 ConcurrentGCThread "G1 Conc#0" [stack: 0x000000abc7300000,0x000000abc7400000] [id=11256]

[error occurred during error reporting (printing all threads), id 0xc0000005, EXCEPTION_ACCESS_VIOLATION (0xc0000005) at pc=0x00007ffa28033ef7]

VM state: not at safepoint (not fully initialized)

VM Mutex/Monitor currently owned by a thread:  ([mutex/lock_event])
[0x0000020a2273e7c0] Heap_lock - owner thread: 0x0000020a22742640

Heap address: 0x0000000700c00000, size: 4084 MB, Compressed Oops mode: Zero based, Oop shift amount: 3
CDS archive(s) mapped at: [0x0000000000000000-0x0000000000000000-0x0000000000000000), size 0, SharedBaseAddress: 0x0000000800000000, ArchiveRelocationMode: 0.
Narrow klass base: 0x0000000000000000, Narrow klass shift: 0, Narrow klass range: 0x0

GC Precious Log:
<Empty>

Heap:
 garbage-first heap   total 0K, used 0K [0x0000000700c00000, 0x0000000800000000)
  region size 2048K, 0 young (0K), 0 survivors (0K)

[error occurred during error reporting (printing heap information), id 0xc0000005, EXCEPTION_ACCESS_VIOLATION (0xc0000005) at pc=0x00007ffa28411edd]

GC Heap History (0 events):
No events

Deoptimization events (0 events):
No events

Classes unloaded (0 events):
No events

Classes redefined (0 events):
No events

Internal exceptions (0 events):
No events

Events (1 events):
Event: 0.006 Loaded shared library C:\Program Files\Java\jdk-16\bin\java.dll


Dynamic libraries:
0x00007ff67e380000 - 0x00007ff67e390000 	C:\Program Files\Java\jdk-16\bin\java.exe
0x00007ffa81410000 - 0x00007ffa81606000 	C:\Windows\SYSTEM32\ntdll.dll
0x00007ffa4d690000 - 0x00007ffa4d6a6000 	C:\Program Files\Avast Software\Avast\aswhook.dll
0x00007ffa7f810000 - 0x00007ffa7f8cd000 	C:\Windows\System32\KERNEL32.DLL
0x00007ffa7ee50000 - 0x00007ffa7f118000 	C:\Windows\System32\KERNELBASE.dll
0x00007ffa7c440000 - 0x00007ffa7c4d0000 	C:\Windows\SYSTEM32\apphelp.dll
0x00007ffa7f220000 - 0x00007ffa7f320000 	C:\Windows\System32\ucrtbase.dll
0x00007ffa7a6e0000 - 0x00007ffa7a6f8000 	C:\Program Files\Java\jdk-16\bin\jli.dll
0x00007ffa7a6c0000 - 0x00007ffa7a6d9000 	C:\Program Files\Java\jdk-16\bin\VCRUNTIME140.dll
0x00007ffa810c0000 - 0x00007ffa8116a000 	C:\Windows\System32\ADVAPI32.dll
0x00007ffa80310000 - 0x00007ffa803ae000 	C:\Windows\System32\msvcrt.dll
0x00007ffa80460000 - 0x00007ffa804fb000 	C:\Windows\System32\sechost.dll
0x00007ffa80670000 - 0x00007ffa80794000 	C:\Windows\System32\RPCRT4.dll
0x00007ffa7f610000 - 0x00007ffa7f7b0000 	C:\Windows\System32\USER32.dll
0x00007ffa7f120000 - 0x00007ffa7f142000 	C:\Windows\System32\win32u.dll
0x00007ffa6ba60000 - 0x00007ffa6bcfb000 	C:\Windows\WinSxS\amd64_microsoft.windows.common-controls_6595b64144ccf1df_6.0.19041.488_none_ca04af081b815d21\COMCTL32.dll
0x00007ffa80010000 - 0x00007ffa8003a000 	C:\Windows\System32\GDI32.dll
0x00007ffa7f320000 - 0x00007ffa7f429000 	C:\Windows\System32\gdi32full.dll
0x00007ffa7f150000 - 0x00007ffa7f1ed000 	C:\Windows\System32\msvcp_win.dll
0x00007ffa77ea0000 - 0x00007ffa77eaa000 	C:\Windows\SYSTEM32\VERSION.dll
0x00007ffa800d0000 - 0x00007ffa80100000 	C:\Windows\System32\IMM32.DLL
0x00007ffa74670000 - 0x00007ffa7467c000 	C:\Program Files\Java\jdk-16\bin\vcruntime140_1.dll
0x00007ffa592f0000 - 0x00007ffa59381000 	C:\Program Files\Java\jdk-16\bin\msvcp140.dll
0x00007ffa27d50000 - 0x00007ffa288fb000 	C:\Program Files\Java\jdk-16\bin\server\jvm.dll
0x00007ffa80040000 - 0x00007ffa80048000 	C:\Windows\System32\PSAPI.DLL
0x00007ffa72590000 - 0x00007ffa72599000 	C:\Windows\SYSTEM32\WSOCK32.dll
0x00007ffa74890000 - 0x00007ffa748b7000 	C:\Windows\SYSTEM32\WINMM.dll
0x00007ffa80110000 - 0x00007ffa8017b000 	C:\Windows\System32\WS2_32.dll
0x00007ffa7ca90000 - 0x00007ffa7caa2000 	C:\Windows\SYSTEM32\kernel.appcore.dll
0x00007ffa74660000 - 0x00007ffa7466a000 	C:\Program Files\Java\jdk-16\bin\jimage.dll
0x00007ffa728b0000 - 0x00007ffa72a94000 	C:\Windows\SYSTEM32\DBGHELP.DLL
0x00007ffa725c0000 - 0x00007ffa725ec000 	C:\Windows\SYSTEM32\dbgcore.DLL
0x00007ffa7edd0000 - 0x00007ffa7ee4f000 	C:\Windows\System32\bcryptPrimitives.dll
0x00007ffa64380000 - 0x00007ffa643a5000 	C:\Program Files\Java\jdk-16\bin\java.dll

dbghelp: loaded successfully - version: 4.0.5 - missing functions: none
symbol engine: initialized successfully - sym options: 0x614 - pdb path: .;C:\Program Files\Java\jdk-16\bin;C:\Windows\SYSTEM32;C:\Program Files\Avast Software\Avast;C:\Windows\WinSxS\amd64_microsoft.windows.common-controls_6595b64144ccf1df_6.0.19041.488_none_ca04af081b815d21;C:\Program Files\Java\jdk-16\bin\server

VM Arguments:
java_command: org.jetbrains.kotlin.cli.jvm.K2JVMCompiler @C:\Users\alexp\OneDrive\Android\StarWarsUniverse\app\build\20220130_2525849280930700307.compiler.options
java_class_path (initial): C:\Users\alexp\.gradle\caches\modules-2\files-2.1\org.jetbrains.kotlin\kotlin-compiler-embeddable\1.5.20\1900e8b9aca0a9caffd45b99b36e3720a0a284f8\kotlin-compiler-embeddable-1.5.20.jar;C:\Users\alexp\.gradle\caches\modules-2\files-2.1\org.jetbrains.kotlin\kotlin-reflect\1.5.20\63810951f09a27f7827977f1bc21094042a915e\kotlin-reflect-1.5.20.jar;C:\Users\alexp\.gradle\caches\modules-2\files-2.1\org.jetbrains.kotlin\kotlin-stdlib\1.5.20\9de35cc611bcecec8edce1d56d8e659953806751\kotlin-stdlib-1.5.20.jar;C:\Users\alexp\.gradle\caches\modules-2\files-2.1\org.jetbrains.kotlin\kotlin-script-runtime\1.5.20\4381bb58d37b84d4d1afe55ec35542dd9b77e101\kotlin-script-runtime-1.5.20.jar;C:\Users\alexp\.gradle\caches\modules-2\files-2.1\org.jetbrains.kotlin\kotlin-daemon-embeddable\1.5.20\36c38cda019834dcd2959cc33a12768adcd94256\kotlin-daemon-embeddable-1.5.20.jar;C:\Users\alexp\.gradle\caches\modules-2\files-2.1\org.jetbrains.intellij.deps\trove4j\1.0.20181211\216c2e14b070f334479d800987affe4054cd563f\trove4j-1.0.20181211.jar;C:\Users\alexp\.gradle\caches\modules-2\files-2.1\org.jetbrains\annotations\13.0\919f0dfe192fb4e063e7dacadee7f8bb9a2672a9\annotations-13.0.jar;C:\Users\alexp\.gradle\caches\modules-2\files-2.1\org.jetbrains.kotlin\kotlin-stdlib-common\1.5.20\3d79dbd48bf605f4aac1e7028981a1953e245cbb\kotlin-stdlib-common-1.5.20.jar
Launcher Type: SUN_STANDARD

[Global flags]
     intx CICompilerCount                          = 3                                         {product} {ergonomic}
     uint ConcGCThreads                            = 2                                         {product} {ergonomic}
     uint G1ConcRefinementThreads                  = 6                                         {product} {ergonomic}
   size_t G1HeapRegionSize                         = 2097152                                   {product} {ergonomic}
    uintx GCDrainStackTargetSize                   = 64                                        {product} {ergonomic}
   size_t InitialHeapSize                          = 268435456                                 {product} {ergonomic}
   size_t MarkStackSize                            = 4194304                                   {product} {ergonomic}
   size_t MaxHeapSize                              = 4282384384                                {product} {ergonomic}
   size_t MinHeapDeltaBytes                        = 2097152                                   {product} {ergonomic}
   size_t MinHeapSize                              = 8388608                                   {product} {ergonomic}
    uintx NonNMethodCodeHeapSize                   = 5832780                                {pd product} {ergonomic}
    uintx NonProfiledCodeHeapSize                  = 122912730                              {pd product} {ergonomic}
    uintx ProfiledCodeHeapSize                     = 122912730                              {pd product} {ergonomic}
    uintx ReservedCodeCacheSize                    = 251658240                              {pd product} {ergonomic}
     bool SegmentedCodeCache                       = true                                      {product} {ergonomic}
   size_t SoftMaxHeapSize                          = 4282384384                             {manageable} {ergonomic}
     bool UseCompressedClassPointers               = true                           {product lp64_product} {ergonomic}
     bool UseCompressedOops                        = true                           {product lp64_product} {ergonomic}
     bool UseG1GC                                  = true                                      {product} {ergonomic}
     bool UseLargePagesIndividualAllocation        = false                                  {pd product} {ergonomic}

Logging:
Log output configuration:
 #0: stdout all=warning uptime,level,tags
 #1: stderr all=off uptime,level,tags

Environment Variables:
PATH=C:\Program Files\Common Files\Oracle\Java\javapath;C:\Windows\system32;C:\Windows;C:\Windows\System32\Wbem;C:\Windows\System32\WindowsPowerShell\v1.0\;C:\Windows\System32\OpenSSH\;C:\Program Files\Microsoft SQL Server\120\Tools\Binn\;C:\Program Files (x86)\Intel\Intel(R) Management Engine Components\DAL;C:\Program Files\Intel\Intel(R) Management Engine Components\DAL;C:\Program Files\Microsoft SQL Server\110\Tools\Binn\;C:\Program Files\Common Files\Autodesk Shared\;C:\Program Files\Microsoft SQL Server\Client SDK\ODBC\110\Tools\Binn\;C:\Program Files (x86)\Microsoft SQL Server\120\Tools\Binn\;C:\Program Files\Microsoft SQL Server\120\DTS\Binn\;C:\Program Files (x86)\Windows Kits\8.1\Windows Performance Toolkit\;C:\Git\cmd;C:\Users\alexp\AppData\Local\Microsoft\WindowsApps;C:\Users\alexp\AppData\Local\Programs\Microsoft VS Code\bin;C:\Git\bin;
USERNAME=alexp
OS=Windows_NT
PROCESSOR_IDENTIFIER=Intel64 Family 6 Model 158 Stepping 10, GenuineIntel



---------------  S Y S T E M  ---------------

OS:
 Windows 10 , 64 bit Build 19041 (10.0.19041.546)
OS uptime: 0 days 11:45 hours
Hyper-V role detected

CPU: total 6 (initial active 6) (6 cores per cpu, 1 threads per core) family 6 model 158 stepping 10 microcode 0xb4, cx8, cmov, fxsr, mmx, 3dnowpref, sse, sse2, sse3, ssse3, sse4.1, sse4.2, popcnt, lzcnt, tsc, tscinvbit, avx, avx2, aes, erms, clmul, bmi1, bmi2, adx, fma, vzeroupper, clflush, clflushopt, hv

Memory: 4k page, system-wide physical 16328M (1474M free)
TotalPageFile size 18376M (AvailPageFile size 36M)
current process WorkingSet (physical memory assigned to process): 11M, peak: 11M
current process commit charge ("private bytes"): 56M, peak: 312M

vm_info: Java HotSpot(TM) 64-Bit Server VM (16+36-2231) for windows-amd64 JRE (16+36-2231), built on Feb  8 2021 11:43:10 by "mach5one" with MS VC++ 16.7 (VS2019)

END.
